hohonu-85: 2025-10-03 13:00:00 TO 2025-10-03 13:29:59
https://dashboard.hohonu.io/api/v1/stations/hohonu-85/waterlevel
hohonu-229: 2025-10-03 13:00:00 TO 2025-10-03 13:29:59
https://dashboard.hohonu.io/api/v1/stations/hohonu-229/waterlevel
hohonu-260: 2025-10-03 13:00:00 TO 2025-10-03 13:29:59
https://dashboard.hohonu.io/api/v1/stations/hohonu-260/waterlevel
hohonu-226: 2025-10-03 13:00:00 TO 2025-10-03 13:29:59
https://dashboard.hohonu.io/api/v1/stations/hohonu-226/waterlevel
hohonu-242: 2025-10-03 13:00:00 TO 2025-10-03 13:29:59
https://dashboard.hohonu.io/api/v1/stations/hohonu-242/waterlevel
hohonu-146: 2025-10-03 13:00:00 TO 2025-10-03 13:29:59
https://dashboard.hohonu.io/api/v1/stations/hohonu-146/waterlevel
hohonu-147: 2025-10-03 13:00:00 TO 2025-10-03 13:29:59
https://dashboard.hohonu.io/api/v1/stations/hohonu-147/waterlevel
hohonu-278: 2025-10-03 13:00:00 TO 2025-10-03 13:29:59
https://dashboard.hohonu.io/api/v1/stations/hohonu-278/waterlevel
hohonu-209: 2025-10-03 13:00:00 TO 2025-10-03 13:29:59
https://dashboard.hohonu.io/api/v1/stations/hohonu-209/waterlevel
hohonu-277: 2025-10-03 13:00:00 TO 2025-10-03 13:29:59
https://dashboard.hohonu.io/api/v1/stations/hohonu-277/waterlevel
hohonu-276: 2025-10-03 13:00:00 TO 2025-10-03 13:29:59
https://dashboard.hohonu.io/api/v1/stations/hohonu-276/waterlevel
hohonu-275: 2025-10-03 13:00:00 TO 2025-10-03 13:29:59
https://dashboard.hohonu.io/api/v1/stations/hohonu-275/waterlevel
hohonu-211: 2025-10-03 13:00:00 TO 2025-10-03 13:29:59
https://dashboard.hohonu.io/api/v1/stations/hohonu-211/waterlevel
hohonu-237: 2025-10-03 13:00:00 TO 2025-10-03 13:29:59
https://dashboard.hohonu.io/api/v1/stations/hohonu-237/waterlevel
hohonu-206: 2025-10-03 13:00:00 TO 2025-10-03 13:29:59
https://dashboard.hohonu.io/api/v1/stations/hohonu-206/waterlevel
hohonu-207: 2025-10-03 13:00:00 TO 2025-10-03 13:29:59
https://dashboard.hohonu.io/api/v1/stations/hohonu-207/waterlevel
hohonu-236: 2025-10-03 13:00:00 TO 2025-10-03 13:29:59
https://dashboard.hohonu.io/api/v1/stations/hohonu-236/waterlevel
hohonu-74: 2025-10-03 13:00:00 TO 2025-10-03 13:29:59
https://dashboard.hohonu.io/api/v1/stations/hohonu-74/waterlevel
hohonu-67: 2025-10-03 13:00:00 TO 2025-10-03 13:29:59
https://dashboard.hohonu.io/api/v1/stations/hohonu-67/waterlevel
hohonu-210: 2025-10-03 13:00:00 TO 2025-10-03 13:29:59
https://dashboard.hohonu.io/api/v1/stations/hohonu-210/waterlevel
hohonu-205: 2025-10-03 13:00:00 TO 2025-10-03 13:29:59
https://dashboard.hohonu.io/api/v1/stations/hohonu-205/waterlevel
hohonu-238: 2025-10-03 13:00:00 TO 2025-10-03 13:29:59
https://dashboard.hohonu.io/api/v1/stations/hohonu-238/waterlevel
hohonu-212: 2025-10-03 13:00:00 TO 2025-10-03 13:29:59
https://dashboard.hohonu.io/api/v1/stations/hohonu-212/waterlevel
hohonu-208: 2025-10-03 13:00:00 TO 2025-10-03 13:29:59
https://dashboard.hohonu.io/api/v1/stations/hohonu-208/waterlevel
hohonu-204: 2025-10-03 13:00:00 TO 2025-10-03 13:29:59
https://dashboard.hohonu.io/api/v1/stations/hohonu-204/waterlevel
hohonu-232: 2025-10-03 13:00:00 TO 2025-10-03 13:29:59
https://dashboard.hohonu.io/api/v1/stations/hohonu-232/waterlevel
hohonu-279: 2025-10-03 13:00:00 TO 2025-10-03 13:29:59
https://dashboard.hohonu.io/api/v1/stations/hohonu-279/waterlevel
hohonu-274: 2025-10-03 13:00:00 TO 2025-10-03 13:29:59
https://dashboard.hohonu.io/api/v1/stations/hohonu-274/waterlevel
hohonu-243: 2025-10-03 13:00:00 TO 2025-10-03 13:29:59
https://dashboard.hohonu.io/api/v1/stations/hohonu-243/waterlevel
hohonu-233: 2025-10-03 13:00:00 TO 2025-10-03 13:29:59
https://dashboard.hohonu.io/api/v1/stations/hohonu-233/waterlevel
hohonu-280: 2025-10-03 13:00:00 TO 2025-10-03 13:29:59
https://dashboard.hohonu.io/api/v1/stations/hohonu-280/waterlevel
hohonu-281: 2025-10-03 13:00:00 TO 2025-10-03 13:29:59
https://dashboard.hohonu.io/api/v1/stations/hohonu-281/waterlevel
hohonu-234: 2025-10-03 13:00:00 TO 2025-10-03 13:29:59
https://dashboard.hohonu.io/api/v1/stations/hohonu-234/waterlevel
hohonu-241: 2025-10-03 13:00:00 TO 2025-10-03 13:29:59
https://dashboard.hohonu.io/api/v1/stations/hohonu-241/waterlevel
hohonu-259: 2025-10-03 13:00:00 TO 2025-10-03 13:29:59
https://dashboard.hohonu.io/api/v1/stations/hohonu-259/waterlevel
hohonu-282: 2025-10-03 13:00:00 TO 2025-10-03 13:29:59
https://dashboard.hohonu.io/api/v1/stations/hohonu-282/waterlevel
hohonu-72: 2025-10-03 13:00:00 TO 2025-10-03 13:29:59
https://dashboard.hohonu.io/api/v1/stations/hohonu-72/waterlevel
{'meta': {'location': 'Mexico Beach', 'station_id': 'hohonu-85', 'data_source': 'Hohonu', 'measurement_type': 'tidal', 'datum': {'label': 'MHHW', 'unit': 'ft'}}, 'data': {'waterlevel': [{'t': '2025-10-03T13:00:00Z', 'o': 0.44}, {'t': '2025-10-03T13:01:00Z', 'o': 0.44}, {'t': '2025-10-03T13:02:00Z', 'o': 0.42}, {'t': '2025-10-03T13:03:00Z', 'o': 0.44}, {'t': '2025-10-03T13:04:00Z', 'o': 0.41}, {'t': '2025-10-03T13:05:00Z', 'o': 0.41}, {'t': '2025-10-03T13:06:00Z', 'o': 0.39}, {'t': '2025-10-03T13:07:00Z', 'o': 0.4}, {'t': '2025-10-03T13:08:00Z', 'o': 0.41}, {'t': '2025-10-03T13:09:00Z', 'o': 0.42}, {'t': '2025-10-03T13:10:00Z', 'o': 0.41}, {'t': '2025-10-03T13:11:00Z', 'o': 0.4}, {'t': '2025-10-03T13:12:00Z', 'o': 0.41}, {'t': '2025-10-03T13:13:00Z', 'o': 0.37}, {'t': '2025-10-03T13:14:00Z', 'o': 0.4}, {'t': '2025-10-03T13:15:00Z', 'o': 0.4}, {'t': '2025-10-03T13:16:00Z', 'o': 0.39}, {'t': '2025-10-03T13:17:00Z', 'o': 0.37}, {'t': '2025-10-03T13:18:00Z', 'o': 0.36}, {'t': '2025-10-03T13:19:00Z', 'o': 0.33}, {'t': '2025-10-03T13:20:00Z', 'o': 0.34}, {'t': '2025-10-03T13:21:00Z', 'o': 0.36}, {'t': '2025-10-03T13:22:00Z', 'o': 0.35}, {'t': '2025-10-03T13:23:00Z', 'o': 0.38}, {'t': '2025-10-03T13:24:00Z', 'o': 0.38}, {'t': '2025-10-03T13:25:00Z', 'o': 0.33}, {'t': '2025-10-03T13:26:00Z', 'o': 0.32}, {'t': '2025-10-03T13:27:00Z', 'o': 0.33}]}}
No Correcton applied
No Correcton applied
No Correcton applied
No Correcton applied
No Correcton applied
No Correcton applied
No Correcton applied
No Correcton applied
No Correcton applied
No Correcton applied
No Correcton applied
No Correcton applied
No Correcton applied
No Correcton applied
No Correcton applied
No Correcton applied
No Correcton applied
No Correcton applied
No Correcton applied
No Correcton applied
No Correcton applied
No Correcton applied
No Correcton applied
No Correcton applied
No Correcton applied
No Correcton applied
No Correcton applied
No Correcton applied
{'meta': {'location': 'St Augustine Municipal Marina, FL', 'station_id': 'hohonu-229', 'data_source': 'Hohonu', 'measurement_type': 'tidal', 'datum': {'label': 'MHHW', 'unit': 'ft'}}, 'data': {'waterlevel': [{'t': '2025-10-03T13:00:00Z', 'o': -0.12}, {'t': '2025-10-03T13:01:00Z', 'o': -0.13}, {'t': '2025-10-03T13:02:00Z', 'o': -0.14}, {'t': '2025-10-03T13:03:00Z', 'o': -0.15}, {'t': '2025-10-03T13:04:00Z', 'o': -0.16}, {'t': '2025-10-03T13:05:00Z', 'o': -0.18}, {'t': '2025-10-03T13:06:00Z', 'o': -0.2}, {'t': '2025-10-03T13:07:00Z', 'o': -0.21}, {'t': '2025-10-03T13:08:00Z', 'o': -0.21}, {'t': '2025-10-03T13:09:00Z', 'o': -0.22}, {'t': '2025-10-03T13:10:00Z', 'o': -0.22}, {'t': '2025-10-03T13:11:00Z', 'o': -0.22}, {'t': '2025-10-03T13:12:00Z', 'o': -0.25}, {'t': '2025-10-03T13:13:00Z', 'o': -0.25}, {'t': '2025-10-03T13:14:00Z', 'o': -0.27}, {'t': '2025-10-03T13:15:00Z', 'o': -0.29}, {'t': '2025-10-03T13:16:00Z', 'o': -0.3}, {'t': '2025-10-03T13:17:00Z', 'o': -0.31}, {'t': '2025-10-03T13:18:00Z', 'o': -0.31}, {'t': '2025-10-03T13:19:00Z', 'o': -0.32}, {'t': '2025-10-03T13:20:00Z', 'o': -0.34}, {'t': '2025-10-03T13:21:00Z', 'o': -0.35}, {'t': '2025-10-03T13:22:00Z', 'o': -0.35}, {'t': '2025-10-03T13:23:00Z', 'o': -0.36}, {'t': '2025-10-03T13:24:00Z', 'o': -0.36}, {'t': '2025-10-03T13:25:00Z', 'o': -0.38}, {'t': '2025-10-03T13:26:00Z', 'o': -0.39}, {'t': '2025-10-03T13:27:00Z', 'o': -0.42}, {'t': '2025-10-03T13:28:00Z', 'o': -0.44}, {'t': '2025-10-03T13:29:00Z', 'o': -0.44}]}}
No Correcton applied
No Correcton applied
No Correcton applied
No Correcton applied
No Correcton applied
No Correcton applied
No Correcton applied
No Correcton applied
No Correcton applied
No Correcton applied
No Correcton applied
No Correcton applied
No Correcton applied
No Correcton applied
No Correcton applied
No Correcton applied
No Correcton applied
No Correcton applied
No Correcton applied
No Correcton applied
No Correcton applied
No Correcton applied
No Correcton applied
No Correcton applied
No Correcton applied
No Correcton applied
No Correcton applied
No Correcton applied
No Correcton applied
No Correcton applied
{'meta': {'location': 'SR A1A Bridge, Matanzas Inlet', 'station_id': 'hohonu-260', 'data_source': 'Hohonu', 'measurement_type': 'tidal', 'datum': {'label': 'MHHW', 'unit': 'ft'}}, 'data': {'waterlevel': [{'t': '2025-10-03T13:00:00Z', 'o': 0.53}, {'t': '2025-10-03T13:02:00Z', 'o': 0.35}, {'t': '2025-10-03T13:03:00Z', 'o': 0.42}, {'t': '2025-10-03T13:05:00Z', 'o': 0.35}, {'t': '2025-10-03T13:06:00Z', 'o': 0.33}, {'t': '2025-10-03T13:08:00Z', 'o': 0.29}, {'t': '2025-10-03T13:09:00Z', 'o': 0.09}, {'t': '2025-10-03T13:11:00Z', 'o': 0.29}, {'t': '2025-10-03T13:12:00Z', 'o': 0.13}, {'t': '2025-10-03T13:14:00Z', 'o': 0.12}, {'t': '2025-10-03T13:15:00Z', 'o': 0.03}, {'t': '2025-10-03T13:17:00Z', 'o': -0.03}, {'t': '2025-10-03T13:18:00Z', 'o': 0.15}, {'t': '2025-10-03T13:20:00Z', 'o': 0.28}, {'t': '2025-10-03T13:21:00Z', 'o': 0.2}, {'t': '2025-10-03T13:23:00Z', 'o': -0.1}, {'t': '2025-10-03T13:24:00Z', 'o': 0.04}, {'t': '2025-10-03T13:26:00Z', 'o': -0.07}, {'t': '2025-10-03T13:27:00Z', 'o': -0.03}, {'t': '2025-10-03T13:29:00Z', 'o': 0.2}]}}
No Correcton applied
No Correcton applied
No Correcton applied
No Correcton applied
No Correcton applied
No Correcton applied
No Correcton applied
No Correcton applied
No Correcton applied
No Correcton applied
No Correcton applied
No Correcton applied
No Correcton applied
No Correcton applied
No Correcton applied
No Correcton applied
No Correcton applied
No Correcton applied
No Correcton applied
No Correcton applied
{'meta': {'location': 'Suwannee River @ I-10 WB (radar)', 'station_id': 'hohonu-226', 'data_source': 'Hohonu', 'measurement_type': 'tidal', 'datum': {'label': 'NAVD88', 'unit': 'ft'}}, 'data': {'waterlevel': []}}
No data for site: Suwannee River @ I-10 WB (radar)
{'meta': {'location': 'Boca Ciega-Millenium Park, FL', 'station_id': 'hohonu-242', 'data_source': 'Hohonu', 'measurement_type': 'land', 'datum': {'label': 'Flood Depth', 'unit': 'ft'}}, 'data': {'waterlevel': [{'t': '2025-10-03T13:00:00Z', 'o': 0.0}, {'t': '2025-10-03T13:01:00Z', 'o': 0.0}, {'t': '2025-10-03T13:02:00Z', 'o': 0.0}, {'t': '2025-10-03T13:03:00Z', 'o': 0.0}, {'t': '2025-10-03T13:04:00Z', 'o': 0.0}, {'t': '2025-10-03T13:05:00Z', 'o': 0.0}, {'t': '2025-10-03T13:06:00Z', 'o': 0.0}, {'t': '2025-10-03T13:07:00Z', 'o': 0.0}, {'t': '2025-10-03T13:08:00Z', 'o': 0.0}, {'t': '2025-10-03T13:09:00Z', 'o': 0.0}, {'t': '2025-10-03T13:10:00Z', 'o': 0.0}, {'t': '2025-10-03T13:11:00Z', 'o': 0.0}, {'t': '2025-10-03T13:12:00Z', 'o': 0.0}, {'t': '2025-10-03T13:13:00Z', 'o': 0.0}, {'t': '2025-10-03T13:14:00Z', 'o': 0.0}, {'t': '2025-10-03T13:15:00Z', 'o': 0.0}, {'t': '2025-10-03T13:16:00Z', 'o': 0.0}, {'t': '2025-10-03T13:17:00Z', 'o': 0.0}, {'t': '2025-10-03T13:18:00Z', 'o': 0.0}, {'t': '2025-10-03T13:19:00Z', 'o': 0.0}, {'t': '2025-10-03T13:20:00Z', 'o': 0.0}, {'t': '2025-10-03T13:21:00Z', 'o': 0.0}, {'t': '2025-10-03T13:22:00Z', 'o': 0.0}, {'t': '2025-10-03T13:23:00Z', 'o': 0.0}, {'t': '2025-10-03T13:24:00Z', 'o': 0.0}, {'t': '2025-10-03T13:25:00Z', 'o': 0.0}, {'t': '2025-10-03T13:26:00Z', 'o': 0.0}, {'t': '2025-10-03T13:27:00Z', 'o': 0.0}, {'t': '2025-10-03T13:28:00Z', 'o': 0.0}, {'t': '2025-10-03T13:29:00Z', 'o': 0.0}]}}
No Correcton applied
No Correcton applied
No Correcton applied
No Correcton applied
No Correcton applied
No Correcton applied
No Correcton applied
No Correcton applied
No Correcton applied
No Correcton applied
No Correcton applied
No Correcton applied
No Correcton applied
No Correcton applied
No Correcton applied
No Correcton applied
No Correcton applied
No Correcton applied
No Correcton applied
No Correcton applied
No Correcton applied
No Correcton applied
No Correcton applied
No Correcton applied
No Correcton applied
No Correcton applied
No Correcton applied
No Correcton applied
No Correcton applied
No Correcton applied
{'meta': {'location': 'Town Marina, Palm Beach, FL', 'station_id': 'hohonu-146', 'data_source': 'Hohonu', 'measurement_type': 'tidal', 'datum': {'label': 'MHHW', 'unit': 'ft'}}, 'data': {'waterlevel': [{'t': '2025-10-03T13:00:00Z', 'o': 0.16}, {'t': '2025-10-03T13:01:00Z', 'o': 0.15}, {'t': '2025-10-03T13:02:00Z', 'o': 0.13}, {'t': '2025-10-03T13:03:00Z', 'o': 0.12}, {'t': '2025-10-03T13:04:00Z', 'o': 0.1}, {'t': '2025-10-03T13:05:00Z', 'o': 0.1}, {'t': '2025-10-03T13:06:00Z', 'o': 0.08}, {'t': '2025-10-03T13:07:00Z', 'o': 0.08}, {'t': '2025-10-03T13:08:00Z', 'o': 0.08}, {'t': '2025-10-03T13:09:00Z', 'o': 0.06}, {'t': '2025-10-03T13:10:00Z', 'o': 0.06}, {'t': '2025-10-03T13:11:00Z', 'o': 0.06}, {'t': '2025-10-03T13:12:00Z', 'o': 0.03}, {'t': '2025-10-03T13:13:00Z', 'o': 0.02}, {'t': '2025-10-03T13:14:00Z', 'o': 0.04}, {'t': '2025-10-03T13:15:00Z', 'o': 0.01}, {'t': '2025-10-03T13:16:00Z', 'o': 0.0}, {'t': '2025-10-03T13:17:00Z', 'o': 0.0}, {'t': '2025-10-03T13:18:00Z', 'o': -0.01}, {'t': '2025-10-03T13:19:00Z', 'o': -0.04}, {'t': '2025-10-03T13:20:00Z', 'o': -0.04}, {'t': '2025-10-03T13:21:00Z', 'o': -0.04}, {'t': '2025-10-03T13:22:00Z', 'o': -0.05}, {'t': '2025-10-03T13:23:00Z', 'o': -0.07}, {'t': '2025-10-03T13:24:00Z', 'o': -0.07}, {'t': '2025-10-03T13:25:00Z', 'o': -0.07}, {'t': '2025-10-03T13:26:00Z', 'o': -0.08}, {'t': '2025-10-03T13:27:00Z', 'o': -0.1}, {'t': '2025-10-03T13:28:00Z', 'o': -0.11}, {'t': '2025-10-03T13:29:00Z', 'o': -0.11}]}}
No Correcton applied
No Correcton applied
No Correcton applied
No Correcton applied
No Correcton applied
No Correcton applied
No Correcton applied
No Correcton applied
No Correcton applied
No Correcton applied
No Correcton applied
No Correcton applied
No Correcton applied
No Correcton applied
No Correcton applied
No Correcton applied
No Correcton applied
No Correcton applied
No Correcton applied
No Correcton applied
No Correcton applied
No Correcton applied
No Correcton applied
No Correcton applied
No Correcton applied
No Correcton applied
No Correcton applied
No Correcton applied
No Correcton applied
No Correcton applied
{'meta': {'location': 'Ibis Way Bridge, Palm Beach, FL', 'station_id': 'hohonu-147', 'data_source': 'Hohonu', 'measurement_type': 'tidal', 'datum': {'label': 'MHHW', 'unit': 'ft'}}, 'data': {'waterlevel': [{'t': '2025-10-03T13:00:00Z', 'o': 0.21}, {'t': '2025-10-03T13:01:00Z', 'o': 0.2}, {'t': '2025-10-03T13:02:00Z', 'o': 0.2}, {'t': '2025-10-03T13:03:00Z', 'o': 0.18}, {'t': '2025-10-03T13:04:00Z', 'o': 0.18}, {'t': '2025-10-03T13:05:00Z', 'o': 0.17}, {'t': '2025-10-03T13:06:00Z', 'o': 0.17}, {'t': '2025-10-03T13:07:00Z', 'o': 0.18}, {'t': '2025-10-03T13:08:00Z', 'o': 0.17}, {'t': '2025-10-03T13:09:00Z', 'o': 0.15}, {'t': '2025-10-03T13:10:00Z', 'o': 0.13}, {'t': '2025-10-03T13:11:00Z', 'o': 0.13}, {'t': '2025-10-03T13:12:00Z', 'o': 0.12}, {'t': '2025-10-03T13:13:00Z', 'o': 0.11}, {'t': '2025-10-03T13:14:00Z', 'o': 0.1}, {'t': '2025-10-03T13:15:00Z', 'o': 0.1}, {'t': '2025-10-03T13:16:00Z', 'o': 0.1}, {'t': '2025-10-03T13:17:00Z', 'o': 0.11}, {'t': '2025-10-03T13:18:00Z', 'o': 0.11}, {'t': '2025-10-03T13:19:00Z', 'o': 0.1}, {'t': '2025-10-03T13:20:00Z', 'o': 0.08}, {'t': '2025-10-03T13:21:00Z', 'o': 0.07}, {'t': '2025-10-03T13:22:00Z', 'o': 0.05}, {'t': '2025-10-03T13:23:00Z', 'o': 0.04}, {'t': '2025-10-03T13:24:00Z', 'o': 0.05}, {'t': '2025-10-03T13:25:00Z', 'o': 0.04}, {'t': '2025-10-03T13:26:00Z', 'o': 0.03}, {'t': '2025-10-03T13:27:00Z', 'o': 0.02}, {'t': '2025-10-03T13:28:00Z', 'o': 0.01}, {'t': '2025-10-03T13:29:00Z', 'o': -0.01}]}}
No Correcton applied
No Correcton applied
No Correcton applied
No Correcton applied
No Correcton applied
No Correcton applied
No Correcton applied
No Correcton applied
No Correcton applied
No Correcton applied
No Correcton applied
No Correcton applied
No Correcton applied
No Correcton applied
No Correcton applied
No Correcton applied
No Correcton applied
No Correcton applied
No Correcton applied
No Correcton applied
No Correcton applied
No Correcton applied
No Correcton applied
No Correcton applied
No Correcton applied
No Correcton applied
No Correcton applied
No Correcton applied
No Correcton applied
No Correcton applied
{'meta': {'location': 'Imperial Boat Ramp, Lee County, FL ', 'station_id': 'hohonu-278', 'data_source': 'Hohonu', 'measurement_type': 'tidal', 'datum': {'label': 'NAVD88', 'unit': 'ft'}}, 'data': {'waterlevel': [{'t': '2025-10-03T13:00:00Z', 'o': 0.68}, {'t': '2025-10-03T13:01:00Z', 'o': 0.69}, {'t': '2025-10-03T13:02:00Z', 'o': 0.69}, {'t': '2025-10-03T13:03:00Z', 'o': 0.7}, {'t': '2025-10-03T13:04:00Z', 'o': 0.7}, {'t': '2025-10-03T13:05:00Z', 'o': 0.71}, {'t': '2025-10-03T13:06:00Z', 'o': 0.71}, {'t': '2025-10-03T13:07:00Z', 'o': 0.72}, {'t': '2025-10-03T13:08:00Z', 'o': 0.72}, {'t': '2025-10-03T13:09:00Z', 'o': 0.73}, {'t': '2025-10-03T13:10:00Z', 'o': 0.73}, {'t': '2025-10-03T13:11:00Z', 'o': 0.74}, {'t': '2025-10-03T13:12:00Z', 'o': 0.74}, {'t': '2025-10-03T13:13:00Z', 'o': 0.74}, {'t': '2025-10-03T13:14:00Z', 'o': 0.75}, {'t': '2025-10-03T13:15:00Z', 'o': 0.75}, {'t': '2025-10-03T13:16:00Z', 'o': 0.76}, {'t': '2025-10-03T13:17:00Z', 'o': 0.77}, {'t': '2025-10-03T13:18:00Z', 'o': 0.78}, {'t': '2025-10-03T13:19:00Z', 'o': 0.78}, {'t': '2025-10-03T13:20:00Z', 'o': 0.79}, {'t': '2025-10-03T13:21:00Z', 'o': 0.79}, {'t': '2025-10-03T13:22:00Z', 'o': 0.78}, {'t': '2025-10-03T13:23:00Z', 'o': 0.8}, {'t': '2025-10-03T13:24:00Z', 'o': 0.8}, {'t': '2025-10-03T13:25:00Z', 'o': 0.8}, {'t': '2025-10-03T13:26:00Z', 'o': 0.81}, {'t': '2025-10-03T13:27:00Z', 'o': 0.82}, {'t': '2025-10-03T13:28:00Z', 'o': 0.82}, {'t': '2025-10-03T13:29:00Z', 'o': 0.82}]}}
Applying Correction
Applying Correction
Applying Correction
Applying Correction
Applying Correction
Applying Correction
Applying Correction
Applying Correction
Applying Correction
Applying Correction
Applying Correction
Applying Correction
Applying Correction
Applying Correction
Applying Correction
Applying Correction
Applying Correction
Applying Correction
Applying Correction
Applying Correction
Applying Correction
Applying Correction
Applying Correction
Applying Correction
Applying Correction
Applying Correction
Applying Correction
Applying Correction
Applying Correction
Applying Correction
{'meta': {'location': 'New Pass Bridge, Lee County, FL', 'station_id': 'hohonu-209', 'data_source': 'Hohonu', 'measurement_type': 'tidal', 'datum': {'label': 'MHHW', 'unit': 'ft'}}, 'data': {'waterlevel': [{'t': '2025-10-03T13:01:00Z', 'o': 0.52}, {'t': '2025-10-03T13:04:00Z', 'o': 0.5}, {'t': '2025-10-03T13:07:00Z', 'o': 0.51}, {'t': '2025-10-03T13:10:00Z', 'o': 0.51}, {'t': '2025-10-03T13:13:00Z', 'o': 0.45}, {'t': '2025-10-03T13:16:00Z', 'o': 0.51}, {'t': '2025-10-03T13:19:00Z', 'o': 0.53}, {'t': '2025-10-03T13:22:00Z', 'o': 0.56}, {'t': '2025-10-03T13:25:00Z', 'o': 0.49}]}}
No Correcton applied
No Correcton applied
No Correcton applied
No Correcton applied
No Correcton applied
No Correcton applied
No Correcton applied
No Correcton applied
No Correcton applied
{'meta': {'location': 'Mullock Creek, Lee County, FL ', 'station_id': 'hohonu-277', 'data_source': 'Hohonu', 'measurement_type': 'tidal', 'datum': {'label': 'NAVD88', 'unit': 'ft'}}, 'data': {'waterlevel': [{'t': '2025-10-03T13:00:00Z', 'o': 0.61}, {'t': '2025-10-03T13:01:00Z', 'o': 0.6}, {'t': '2025-10-03T13:02:00Z', 'o': 0.61}, {'t': '2025-10-03T13:03:00Z', 'o': 0.62}, {'t': '2025-10-03T13:04:00Z', 'o': 0.62}, {'t': '2025-10-03T13:05:00Z', 'o': 0.62}, {'t': '2025-10-03T13:06:00Z', 'o': 0.63}, {'t': '2025-10-03T13:07:00Z', 'o': 0.64}, {'t': '2025-10-03T13:08:00Z', 'o': 0.64}, {'t': '2025-10-03T13:09:00Z', 'o': 0.64}, {'t': '2025-10-03T13:10:00Z', 'o': 0.64}, {'t': '2025-10-03T13:11:00Z', 'o': 0.65}, {'t': '2025-10-03T13:12:00Z', 'o': 0.66}, {'t': '2025-10-03T13:13:00Z', 'o': 0.66}, {'t': '2025-10-03T13:14:00Z', 'o': 0.66}, {'t': '2025-10-03T13:15:00Z', 'o': 0.66}, {'t': '2025-10-03T13:16:00Z', 'o': 0.68}, {'t': '2025-10-03T13:17:00Z', 'o': 0.68}, {'t': '2025-10-03T13:18:00Z', 'o': 0.69}, {'t': '2025-10-03T13:19:00Z', 'o': 0.68}, {'t': '2025-10-03T13:20:00Z', 'o': 0.7}, {'t': '2025-10-03T13:21:00Z', 'o': 0.71}, {'t': '2025-10-03T13:22:00Z', 'o': 0.69}, {'t': '2025-10-03T13:23:00Z', 'o': 0.69}, {'t': '2025-10-03T13:24:00Z', 'o': 0.7}, {'t': '2025-10-03T13:25:00Z', 'o': 0.7}, {'t': '2025-10-03T13:26:00Z', 'o': 0.71}, {'t': '2025-10-03T13:27:00Z', 'o': 0.72}, {'t': '2025-10-03T13:28:00Z', 'o': 0.72}, {'t': '2025-10-03T13:29:00Z', 'o': 0.73}]}}
Applying Correction
Applying Correction
Applying Correction
Applying Correction
Applying Correction
Applying Correction
Applying Correction
Applying Correction
Applying Correction
Applying Correction
Applying Correction
Applying Correction
Applying Correction
Applying Correction
Applying Correction
Applying Correction
Applying Correction
Applying Correction
Applying Correction
Applying Correction
Applying Correction
Applying Correction
Applying Correction
Applying Correction
Applying Correction
Applying Correction
Applying Correction
Applying Correction
Applying Correction
Applying Correction
{'meta': {'location': 'Owl Creek, Lee County, FL', 'station_id': 'hohonu-276', 'data_source': 'Hohonu', 'measurement_type': 'tidal', 'datum': {'label': 'NAVD88', 'unit': 'ft'}}, 'data': {'waterlevel': [{'t': '2025-10-03T13:00:00Z', 'o': -0.36}, {'t': '2025-10-03T13:01:00Z', 'o': -0.34}, {'t': '2025-10-03T13:02:00Z', 'o': -0.34}, {'t': '2025-10-03T13:03:00Z', 'o': -0.34}, {'t': '2025-10-03T13:04:00Z', 'o': -0.33}, {'t': '2025-10-03T13:05:00Z', 'o': -0.31}, {'t': '2025-10-03T13:06:00Z', 'o': -0.3}, {'t': '2025-10-03T13:07:00Z', 'o': -0.32}, {'t': '2025-10-03T13:08:00Z', 'o': -0.3}, {'t': '2025-10-03T13:09:00Z', 'o': -0.3}, {'t': '2025-10-03T13:10:00Z', 'o': -0.29}, {'t': '2025-10-03T13:11:00Z', 'o': -0.28}, {'t': '2025-10-03T13:12:00Z', 'o': -0.28}, {'t': '2025-10-03T13:13:00Z', 'o': -0.27}, {'t': '2025-10-03T13:14:00Z', 'o': -0.26}, {'t': '2025-10-03T13:15:00Z', 'o': -0.25}, {'t': '2025-10-03T13:16:00Z', 'o': -0.23}, {'t': '2025-10-03T13:17:00Z', 'o': -0.23}, {'t': '2025-10-03T13:18:00Z', 'o': -0.22}, {'t': '2025-10-03T13:19:00Z', 'o': -0.22}, {'t': '2025-10-03T13:20:00Z', 'o': -0.22}, {'t': '2025-10-03T13:21:00Z', 'o': -0.19}, {'t': '2025-10-03T13:22:00Z', 'o': -0.19}, {'t': '2025-10-03T13:23:00Z', 'o': -0.18}, {'t': '2025-10-03T13:24:00Z', 'o': -0.18}, {'t': '2025-10-03T13:25:00Z', 'o': -0.17}, {'t': '2025-10-03T13:26:00Z', 'o': -0.17}, {'t': '2025-10-03T13:27:00Z', 'o': -0.16}, {'t': '2025-10-03T13:28:00Z', 'o': -0.15}, {'t': '2025-10-03T13:29:00Z', 'o': -0.14}]}}
Applying Correction
Applying Correction
Applying Correction
Applying Correction
Applying Correction
Applying Correction
Applying Correction
Applying Correction
Applying Correction
Applying Correction
Applying Correction
Applying Correction
Applying Correction
Applying Correction
Applying Correction
Applying Correction
Applying Correction
Applying Correction
Applying Correction
Applying Correction
Applying Correction
Applying Correction
Applying Correction
Applying Correction
Applying Correction
Applying Correction
Applying Correction
Applying Correction
Applying Correction
Applying Correction
{'meta': {'location': 'Daughtry Creek, Lee County, FL', 'station_id': 'hohonu-275', 'data_source': 'Hohonu', 'measurement_type': 'tidal', 'datum': {'label': 'NAVD88', 'unit': 'ft'}}, 'data': {'waterlevel': [{'t': '2025-10-03T13:00:00Z', 'o': 0.15}, {'t': '2025-10-03T13:01:00Z', 'o': 0.15}, {'t': '2025-10-03T13:02:00Z', 'o': 0.15}, {'t': '2025-10-03T13:03:00Z', 'o': 0.16}, {'t': '2025-10-03T13:04:00Z', 'o': 0.17}, {'t': '2025-10-03T13:05:00Z', 'o': 0.16}, {'t': '2025-10-03T13:06:00Z', 'o': 0.16}, {'t': '2025-10-03T13:07:00Z', 'o': 0.17}, {'t': '2025-10-03T13:08:00Z', 'o': 0.18}, {'t': '2025-10-03T13:09:00Z', 'o': 0.18}, {'t': '2025-10-03T13:10:00Z', 'o': 0.19}, {'t': '2025-10-03T13:11:00Z', 'o': 0.2}, {'t': '2025-10-03T13:12:00Z', 'o': 0.2}, {'t': '2025-10-03T13:13:00Z', 'o': 0.2}, {'t': '2025-10-03T13:14:00Z', 'o': 0.19}, {'t': '2025-10-03T13:15:00Z', 'o': 0.21}, {'t': '2025-10-03T13:16:00Z', 'o': 0.22}, {'t': '2025-10-03T13:17:00Z', 'o': 0.22}, {'t': '2025-10-03T13:18:00Z', 'o': 0.23}, {'t': '2025-10-03T13:19:00Z', 'o': 0.23}, {'t': '2025-10-03T13:20:00Z', 'o': 0.24}, {'t': '2025-10-03T13:21:00Z', 'o': 0.24}, {'t': '2025-10-03T13:22:00Z', 'o': 0.26}, {'t': '2025-10-03T13:23:00Z', 'o': 0.26}, {'t': '2025-10-03T13:24:00Z', 'o': 0.26}, {'t': '2025-10-03T13:25:00Z', 'o': 0.26}, {'t': '2025-10-03T13:26:00Z', 'o': 0.27}, {'t': '2025-10-03T13:27:00Z', 'o': 0.26}, {'t': '2025-10-03T13:28:00Z', 'o': 0.27}, {'t': '2025-10-03T13:29:00Z', 'o': 0.26}]}}
Applying Correction
Applying Correction
Applying Correction
Applying Correction
Applying Correction
Applying Correction
Applying Correction
Applying Correction
Applying Correction
Applying Correction
Applying Correction
Applying Correction
Applying Correction
Applying Correction
Applying Correction
Applying Correction
Applying Correction
Applying Correction
Applying Correction
Applying Correction
Applying Correction
Applying Correction
Applying Correction
Applying Correction
Applying Correction
Applying Correction
Applying Correction
Applying Correction
Applying Correction
Applying Correction
{'meta': {'location': 'First Street Land Sensor, Lee County, FL ', 'station_id': 'hohonu-211', 'data_source': 'Hohonu', 'measurement_type': 'land', 'datum': {'label': 'Flood Depth', 'unit': 'ft'}}, 'data': {'waterlevel': [{'t': '2025-10-03T13:00:00Z', 'o': 0.0}, {'t': '2025-10-03T13:01:00Z', 'o': 0.0}, {'t': '2025-10-03T13:02:00Z', 'o': 0.0}, {'t': '2025-10-03T13:03:00Z', 'o': 0.0}, {'t': '2025-10-03T13:04:00Z', 'o': 0.0}, {'t': '2025-10-03T13:05:00Z', 'o': 0.0}, {'t': '2025-10-03T13:06:00Z', 'o': 0.0}, {'t': '2025-10-03T13:07:00Z', 'o': 0.0}, {'t': '2025-10-03T13:08:00Z', 'o': 0.0}, {'t': '2025-10-03T13:09:00Z', 'o': 0.0}, {'t': '2025-10-03T13:10:00Z', 'o': 0.0}, {'t': '2025-10-03T13:11:00Z', 'o': 0.0}, {'t': '2025-10-03T13:12:00Z', 'o': 0.0}, {'t': '2025-10-03T13:13:00Z', 'o': 0.0}, {'t': '2025-10-03T13:14:00Z', 'o': 0.0}, {'t': '2025-10-03T13:15:00Z', 'o': 0.0}, {'t': '2025-10-03T13:16:00Z', 'o': 0.0}, {'t': '2025-10-03T13:17:00Z', 'o': 0.0}, {'t': '2025-10-03T13:18:00Z', 'o': 0.0}, {'t': '2025-10-03T13:19:00Z', 'o': 0.0}, {'t': '2025-10-03T13:20:00Z', 'o': 0.0}, {'t': '2025-10-03T13:21:00Z', 'o': 0.0}, {'t': '2025-10-03T13:22:00Z', 'o': 0.0}, {'t': '2025-10-03T13:23:00Z', 'o': 0.0}, {'t': '2025-10-03T13:24:00Z', 'o': 0.0}, {'t': '2025-10-03T13:25:00Z', 'o': 0.0}, {'t': '2025-10-03T13:26:00Z', 'o': 0.0}]}}
No Correcton applied
No Correcton applied
No Correcton applied
No Correcton applied
No Correcton applied
No Correcton applied
No Correcton applied
No Correcton applied
No Correcton applied
No Correcton applied
No Correcton applied
No Correcton applied
No Correcton applied
No Correcton applied
No Correcton applied
No Correcton applied
No Correcton applied
No Correcton applied
No Correcton applied
No Correcton applied
No Correcton applied
No Correcton applied
No Correcton applied
No Correcton applied
No Correcton applied
No Correcton applied
No Correcton applied
{'meta': {'location': 'Hancock Bridge, Lee County, FL', 'station_id': 'hohonu-237', 'data_source': 'Hohonu', 'measurement_type': 'tidal', 'datum': {'label': 'MHHW', 'unit': 'ft'}}, 'data': {'waterlevel': [{'t': '2025-10-03T13:00:00Z', 'o': -0.24}, {'t': '2025-10-03T13:01:00Z', 'o': -0.24}, {'t': '2025-10-03T13:02:00Z', 'o': -0.24}, {'t': '2025-10-03T13:03:00Z', 'o': -0.24}, {'t': '2025-10-03T13:04:00Z', 'o': -0.23}, {'t': '2025-10-03T13:05:00Z', 'o': -0.22}, {'t': '2025-10-03T13:06:00Z', 'o': -0.22}, {'t': '2025-10-03T13:07:00Z', 'o': -0.22}, {'t': '2025-10-03T13:08:00Z', 'o': -0.22}, {'t': '2025-10-03T13:09:00Z', 'o': -0.22}, {'t': '2025-10-03T13:10:00Z', 'o': -0.21}, {'t': '2025-10-03T13:11:00Z', 'o': -0.2}, {'t': '2025-10-03T13:12:00Z', 'o': -0.2}, {'t': '2025-10-03T13:13:00Z', 'o': -0.2}, {'t': '2025-10-03T13:14:00Z', 'o': -0.2}, {'t': '2025-10-03T13:15:00Z', 'o': -0.2}, {'t': '2025-10-03T13:16:00Z', 'o': -0.19}, {'t': '2025-10-03T13:17:00Z', 'o': -0.19}, {'t': '2025-10-03T13:18:00Z', 'o': -0.18}, {'t': '2025-10-03T13:19:00Z', 'o': -0.18}, {'t': '2025-10-03T13:20:00Z', 'o': -0.18}, {'t': '2025-10-03T13:21:00Z', 'o': -0.18}, {'t': '2025-10-03T13:22:00Z', 'o': -0.17}, {'t': '2025-10-03T13:23:00Z', 'o': -0.16}, {'t': '2025-10-03T13:24:00Z', 'o': -0.16}, {'t': '2025-10-03T13:25:00Z', 'o': -0.16}, {'t': '2025-10-03T13:26:00Z', 'o': -0.16}, {'t': '2025-10-03T13:27:00Z', 'o': -0.16}, {'t': '2025-10-03T13:28:00Z', 'o': -0.16}, {'t': '2025-10-03T13:29:00Z', 'o': -0.16}]}}
No Correcton applied
No Correcton applied
No Correcton applied
No Correcton applied
No Correcton applied
No Correcton applied
No Correcton applied
No Correcton applied
No Correcton applied
No Correcton applied
No Correcton applied
No Correcton applied
No Correcton applied
No Correcton applied
No Correcton applied
No Correcton applied
No Correcton applied
No Correcton applied
No Correcton applied
No Correcton applied
No Correcton applied
No Correcton applied
No Correcton applied
No Correcton applied
No Correcton applied
No Correcton applied
No Correcton applied
No Correcton applied
No Correcton applied
No Correcton applied
{'meta': {'location': 'Cape Coral Bridge, Lee County, FL', 'station_id': 'hohonu-206', 'data_source': 'Hohonu', 'measurement_type': 'tidal', 'datum': {'label': 'MHHW', 'unit': 'ft'}}, 'data': {'waterlevel': [{'t': '2025-10-03T13:00:00Z', 'o': 0.05}, {'t': '2025-10-03T13:01:00Z', 'o': 0.04}, {'t': '2025-10-03T13:02:00Z', 'o': 0.05}, {'t': '2025-10-03T13:03:00Z', 'o': 0.06}, {'t': '2025-10-03T13:04:00Z', 'o': 0.05}, {'t': '2025-10-03T13:05:00Z', 'o': 0.04}, {'t': '2025-10-03T13:06:00Z', 'o': 0.06}, {'t': '2025-10-03T13:07:00Z', 'o': 0.05}, {'t': '2025-10-03T13:08:00Z', 'o': 0.05}, {'t': '2025-10-03T13:11:00Z', 'o': 0.06}, {'t': '2025-10-03T13:12:00Z', 'o': 0.05}, {'t': '2025-10-03T13:13:00Z', 'o': 0.06}, {'t': '2025-10-03T13:14:00Z', 'o': 0.06}, {'t': '2025-10-03T13:15:00Z', 'o': 0.06}, {'t': '2025-10-03T13:16:00Z', 'o': 0.06}, {'t': '2025-10-03T13:17:00Z', 'o': 0.07}, {'t': '2025-10-03T13:18:00Z', 'o': 0.06}, {'t': '2025-10-03T13:19:00Z', 'o': 0.06}, {'t': '2025-10-03T13:20:00Z', 'o': 0.07}, {'t': '2025-10-03T13:21:00Z', 'o': 0.07}, {'t': '2025-10-03T13:22:00Z', 'o': 0.08}, {'t': '2025-10-03T13:23:00Z', 'o': 0.06}, {'t': '2025-10-03T13:24:00Z', 'o': 0.02}]}}
No Correcton applied
No Correcton applied
No Correcton applied
No Correcton applied
No Correcton applied
No Correcton applied
No Correcton applied
No Correcton applied
No Correcton applied
No Correcton applied
No Correcton applied
No Correcton applied
No Correcton applied
No Correcton applied
No Correcton applied
No Correcton applied
No Correcton applied
No Correcton applied
No Correcton applied
No Correcton applied
No Correcton applied
No Correcton applied
No Correcton applied
{'meta': {'location': 'Orange River Bridge, Lee County, FL', 'station_id': 'hohonu-207', 'data_source': 'Hohonu', 'measurement_type': 'tidal', 'datum': {'label': 'MHHW', 'unit': 'ft'}}, 'data': {'waterlevel': [{'t': '2025-10-03T13:00:00Z', 'o': 0.77}, {'t': '2025-10-03T13:01:00Z', 'o': 0.77}, {'t': '2025-10-03T13:02:00Z', 'o': 0.77}, {'t': '2025-10-03T13:03:00Z', 'o': 0.77}, {'t': '2025-10-03T13:04:00Z', 'o': 0.77}, {'t': '2025-10-03T13:05:00Z', 'o': 0.77}, {'t': '2025-10-03T13:06:00Z', 'o': 0.77}, {'t': '2025-10-03T13:07:00Z', 'o': 0.78}, {'t': '2025-10-03T13:08:00Z', 'o': 0.77}, {'t': '2025-10-03T13:09:00Z', 'o': 0.77}, {'t': '2025-10-03T13:10:00Z', 'o': 0.77}, {'t': '2025-10-03T13:11:00Z', 'o': 0.77}, {'t': '2025-10-03T13:12:00Z', 'o': 0.77}, {'t': '2025-10-03T13:13:00Z', 'o': 0.77}, {'t': '2025-10-03T13:14:00Z', 'o': 0.77}, {'t': '2025-10-03T13:15:00Z', 'o': 0.77}, {'t': '2025-10-03T13:16:00Z', 'o': 0.77}, {'t': '2025-10-03T13:17:00Z', 'o': 0.77}, {'t': '2025-10-03T13:18:00Z', 'o': 0.77}, {'t': '2025-10-03T13:19:00Z', 'o': 0.77}, {'t': '2025-10-03T13:20:00Z', 'o': 0.77}, {'t': '2025-10-03T13:21:00Z', 'o': 0.77}, {'t': '2025-10-03T13:22:00Z', 'o': 0.77}, {'t': '2025-10-03T13:23:00Z', 'o': 0.77}, {'t': '2025-10-03T13:24:00Z', 'o': 0.78}, {'t': '2025-10-03T13:25:00Z', 'o': 0.77}, {'t': '2025-10-03T13:26:00Z', 'o': 0.77}]}}
No Correcton applied
No Correcton applied
No Correcton applied
No Correcton applied
No Correcton applied
No Correcton applied
No Correcton applied
No Correcton applied
No Correcton applied
No Correcton applied
No Correcton applied
No Correcton applied
No Correcton applied
No Correcton applied
No Correcton applied
No Correcton applied
No Correcton applied
No Correcton applied
No Correcton applied
No Correcton applied
No Correcton applied
No Correcton applied
No Correcton applied
No Correcton applied
No Correcton applied
No Correcton applied
No Correcton applied
{'meta': {'location': 'Sanibel Causeway, Lee County, FL', 'station_id': 'hohonu-236', 'data_source': 'Hohonu', 'measurement_type': 'tidal', 'datum': {'label': 'MHHW', 'unit': 'ft'}}, 'data': {'waterlevel': [{'t': '2025-10-03T13:00:00Z', 'o': 0.59}, {'t': '2025-10-03T13:01:00Z', 'o': 0.61}, {'t': '2025-10-03T13:02:00Z', 'o': 0.6}, {'t': '2025-10-03T13:03:00Z', 'o': 0.59}, {'t': '2025-10-03T13:04:00Z', 'o': 0.59}, {'t': '2025-10-03T13:05:00Z', 'o': 0.6}, {'t': '2025-10-03T13:06:00Z', 'o': 0.6}, {'t': '2025-10-03T13:07:00Z', 'o': 0.6}, {'t': '2025-10-03T13:08:00Z', 'o': 0.61}, {'t': '2025-10-03T13:09:00Z', 'o': 0.62}, {'t': '2025-10-03T13:10:00Z', 'o': 0.62}, {'t': '2025-10-03T13:11:00Z', 'o': 0.61}, {'t': '2025-10-03T13:12:00Z', 'o': 0.62}, {'t': '2025-10-03T13:13:00Z', 'o': 0.63}, {'t': '2025-10-03T13:14:00Z', 'o': 0.64}, {'t': '2025-10-03T13:15:00Z', 'o': 0.63}, {'t': '2025-10-03T13:16:00Z', 'o': 0.62}, {'t': '2025-10-03T13:17:00Z', 'o': 0.63}, {'t': '2025-10-03T13:18:00Z', 'o': 0.63}, {'t': '2025-10-03T13:19:00Z', 'o': 0.64}, {'t': '2025-10-03T13:20:00Z', 'o': 0.64}, {'t': '2025-10-03T13:21:00Z', 'o': 0.65}, {'t': '2025-10-03T13:22:00Z', 'o': 0.64}, {'t': '2025-10-03T13:23:00Z', 'o': 0.64}, {'t': '2025-10-03T13:24:00Z', 'o': 0.67}, {'t': '2025-10-03T13:25:00Z', 'o': 0.66}, {'t': '2025-10-03T13:26:00Z', 'o': 0.66}, {'t': '2025-10-03T13:27:00Z', 'o': 0.66}, {'t': '2025-10-03T13:28:00Z', 'o': 0.65}, {'t': '2025-10-03T13:29:00Z', 'o': 0.66}]}}
No Correcton applied
No Correcton applied
No Correcton applied
No Correcton applied
No Correcton applied
No Correcton applied
No Correcton applied
No Correcton applied
No Correcton applied
No Correcton applied
No Correcton applied
No Correcton applied
No Correcton applied
No Correcton applied
No Correcton applied
No Correcton applied
No Correcton applied
No Correcton applied
No Correcton applied
No Correcton applied
No Correcton applied
No Correcton applied
No Correcton applied
No Correcton applied
No Correcton applied
No Correcton applied
No Correcton applied
No Correcton applied
No Correcton applied
No Correcton applied
{'meta': {'location': 'Sanibel', 'station_id': 'hohonu-74', 'data_source': 'Hohonu', 'measurement_type': 'tidal', 'datum': {'label': 'MHHW', 'unit': 'ft'}}, 'data': {'waterlevel': [{'t': '2025-10-03T13:05:00Z', 'o': 0.89}, {'t': '2025-10-03T13:06:00Z', 'o': 0.91}, {'t': '2025-10-03T13:07:00Z', 'o': 0.86}, {'t': '2025-10-03T13:08:00Z', 'o': 0.9}, {'t': '2025-10-03T13:09:00Z', 'o': 0.88}, {'t': '2025-10-03T13:10:00Z', 'o': 0.9}, {'t': '2025-10-03T13:11:00Z', 'o': 0.86}, {'t': '2025-10-03T13:12:00Z', 'o': 0.85}, {'t': '2025-10-03T13:13:00Z', 'o': 0.91}, {'t': '2025-10-03T13:14:00Z', 'o': 0.89}, {'t': '2025-10-03T13:15:00Z', 'o': 0.9}, {'t': '2025-10-03T13:16:00Z', 'o': 0.89}, {'t': '2025-10-03T13:17:00Z', 'o': 0.91}, {'t': '2025-10-03T13:18:00Z', 'o': 0.87}, {'t': '2025-10-03T13:19:00Z', 'o': 0.84}, {'t': '2025-10-03T13:20:00Z', 'o': 0.9}, {'t': '2025-10-03T13:21:00Z', 'o': 0.9}]}}
No Correcton applied
No Correcton applied
No Correcton applied
No Correcton applied
No Correcton applied
No Correcton applied
No Correcton applied
No Correcton applied
No Correcton applied
No Correcton applied
No Correcton applied
No Correcton applied
No Correcton applied
No Correcton applied
No Correcton applied
No Correcton applied
No Correcton applied
{'meta': {'location': 'Captiva Island, FL', 'station_id': 'hohonu-67', 'data_source': 'Hohonu', 'measurement_type': 'tidal', 'datum': {'label': 'MHHW', 'unit': 'ft'}}, 'data': {'waterlevel': [{'t': '2025-10-03T13:00:00Z', 'o': 0.65}, {'t': '2025-10-03T13:01:00Z', 'o': 0.64}, {'t': '2025-10-03T13:02:00Z', 'o': 0.7}, {'t': '2025-10-03T13:03:00Z', 'o': 0.71}, {'t': '2025-10-03T13:04:00Z', 'o': 0.68}, {'t': '2025-10-03T13:05:00Z', 'o': 0.67}, {'t': '2025-10-03T13:06:00Z', 'o': 0.65}, {'t': '2025-10-03T13:07:00Z', 'o': 0.7}, {'t': '2025-10-03T13:08:00Z', 'o': 0.68}, {'t': '2025-10-03T13:09:00Z', 'o': 0.66}, {'t': '2025-10-03T13:10:00Z', 'o': 0.68}, {'t': '2025-10-03T13:11:00Z', 'o': 0.68}, {'t': '2025-10-03T13:12:00Z', 'o': 0.66}, {'t': '2025-10-03T13:13:00Z', 'o': 0.73}, {'t': '2025-10-03T13:14:00Z', 'o': 0.68}, {'t': '2025-10-03T13:15:00Z', 'o': 0.71}, {'t': '2025-10-03T13:16:00Z', 'o': 0.71}, {'t': '2025-10-03T13:17:00Z', 'o': 0.66}, {'t': '2025-10-03T13:18:00Z', 'o': 0.71}, {'t': '2025-10-03T13:19:00Z', 'o': 0.69}, {'t': '2025-10-03T13:20:00Z', 'o': 0.7}, {'t': '2025-10-03T13:21:00Z', 'o': 0.7}, {'t': '2025-10-03T13:22:00Z', 'o': 0.7}, {'t': '2025-10-03T13:23:00Z', 'o': 0.65}, {'t': '2025-10-03T13:24:00Z', 'o': 0.72}, {'t': '2025-10-03T13:25:00Z', 'o': 0.69}, {'t': '2025-10-03T13:26:00Z', 'o': 0.74}, {'t': '2025-10-03T13:27:00Z', 'o': 0.72}, {'t': '2025-10-03T13:28:00Z', 'o': 0.68}, {'t': '2025-10-03T13:29:00Z', 'o': 0.73}]}}
No Correcton applied
No Correcton applied
No Correcton applied
No Correcton applied
No Correcton applied
No Correcton applied
No Correcton applied
No Correcton applied
No Correcton applied
No Correcton applied
No Correcton applied
No Correcton applied
No Correcton applied
No Correcton applied
No Correcton applied
No Correcton applied
No Correcton applied
No Correcton applied
No Correcton applied
No Correcton applied
No Correcton applied
No Correcton applied
No Correcton applied
No Correcton applied
No Correcton applied
No Correcton applied
No Correcton applied
No Correcton applied
No Correcton applied
No Correcton applied
{'meta': {'location': 'Captiva Land Sensor, Lee County, FL', 'station_id': 'hohonu-210', 'data_source': 'Hohonu', 'measurement_type': 'land', 'datum': {'label': 'Flood Depth', 'unit': 'ft'}}, 'data': {'waterlevel': []}}
No data for site: Captiva Land Sensor, Lee County, FL
{'meta': {'location': 'Boca Grande, Lee County, FL', 'station_id': 'hohonu-205', 'data_source': 'Hohonu', 'measurement_type': 'tidal', 'datum': {'label': 'MHHW', 'unit': 'ft'}}, 'data': {'waterlevel': [{'t': '2025-10-03T13:15:00Z', 'o': 0.65}, {'t': '2025-10-03T13:18:00Z', 'o': 0.37}, {'t': '2025-10-03T13:27:00Z', 'o': 0.82}]}}
No Correcton applied
No Correcton applied
No Correcton applied
{'meta': {'location': 'Bokeelia, Lee County, FL', 'station_id': 'hohonu-238', 'data_source': 'Hohonu', 'measurement_type': 'tidal', 'datum': {'label': 'MHHW', 'unit': 'ft'}}, 'data': {'waterlevel': [{'t': '2025-10-03T13:00:00Z', 'o': 0.38}, {'t': '2025-10-03T13:01:00Z', 'o': 0.38}, {'t': '2025-10-03T13:02:00Z', 'o': 0.38}, {'t': '2025-10-03T13:03:00Z', 'o': 0.38}, {'t': '2025-10-03T13:04:00Z', 'o': 0.39}, {'t': '2025-10-03T13:05:00Z', 'o': 0.39}, {'t': '2025-10-03T13:06:00Z', 'o': 0.39}, {'t': '2025-10-03T13:07:00Z', 'o': 0.4}]}}
No Correcton applied
No Correcton applied
No Correcton applied
No Correcton applied
No Correcton applied
No Correcton applied
No Correcton applied
No Correcton applied
{'meta': {'location': 'Matlacha Bridge, Lee County, FL', 'station_id': 'hohonu-212', 'data_source': 'Hohonu', 'measurement_type': 'tidal', 'datum': {'label': 'MHHW', 'unit': 'ft'}}, 'data': {'waterlevel': [{'t': '2025-10-03T13:01:00Z', 'o': 0.42}, {'t': '2025-10-03T13:04:00Z', 'o': 0.42}, {'t': '2025-10-03T13:07:00Z', 'o': 0.38}, {'t': '2025-10-03T13:10:00Z', 'o': 0.41}, {'t': '2025-10-03T13:13:00Z', 'o': 0.42}, {'t': '2025-10-03T13:16:00Z', 'o': 0.47}, {'t': '2025-10-03T13:19:00Z', 'o': 0.42}, {'t': '2025-10-03T13:22:00Z', 'o': 0.44}, {'t': '2025-10-03T13:25:00Z', 'o': 0.49}, {'t': '2025-10-03T13:28:00Z', 'o': 0.47}]}}
No Correcton applied
No Correcton applied
No Correcton applied
No Correcton applied
No Correcton applied
No Correcton applied
No Correcton applied
No Correcton applied
No Correcton applied
No Correcton applied
{'meta': {'location': 'St. James City Land Sensor, Lee County, FL', 'station_id': 'hohonu-208', 'data_source': 'Hohonu', 'measurement_type': 'land', 'datum': {'label': 'Flood Depth', 'unit': 'ft'}}, 'data': {'waterlevel': []}}
No data for site: St. James City Land Sensor, Lee County, FL
{'meta': {'location': 'St. James City, Lee County, FL', 'station_id': 'hohonu-204', 'data_source': 'Hohonu', 'measurement_type': 'tidal', 'datum': {'label': 'MHHW', 'unit': 'ft'}}, 'data': {'waterlevel': [{'t': '2025-10-03T13:00:00Z', 'o': 0.47}, {'t': '2025-10-03T13:01:00Z', 'o': 0.45}, {'t': '2025-10-03T13:02:00Z', 'o': 0.5}, {'t': '2025-10-03T13:03:00Z', 'o': 0.48}, {'t': '2025-10-03T13:04:00Z', 'o': 0.47}, {'t': '2025-10-03T13:05:00Z', 'o': 0.49}, {'t': '2025-10-03T13:06:00Z', 'o': 0.47}, {'t': '2025-10-03T13:07:00Z', 'o': 0.48}, {'t': '2025-10-03T13:08:00Z', 'o': 0.49}, {'t': '2025-10-03T13:09:00Z', 'o': 0.48}, {'t': '2025-10-03T13:10:00Z', 'o': 0.47}, {'t': '2025-10-03T13:11:00Z', 'o': 0.49}, {'t': '2025-10-03T13:12:00Z', 'o': 0.5}, {'t': '2025-10-03T13:13:00Z', 'o': 0.48}, {'t': '2025-10-03T13:14:00Z', 'o': 0.49}, {'t': '2025-10-03T13:15:00Z', 'o': 0.52}, {'t': '2025-10-03T13:16:00Z', 'o': 0.5}, {'t': '2025-10-03T13:17:00Z', 'o': 0.51}, {'t': '2025-10-03T13:18:00Z', 'o': 0.51}, {'t': '2025-10-03T13:19:00Z', 'o': 0.5}, {'t': '2025-10-03T13:20:00Z', 'o': 0.5}, {'t': '2025-10-03T13:21:00Z', 'o': 0.53}, {'t': '2025-10-03T13:22:00Z', 'o': 0.54}, {'t': '2025-10-03T13:23:00Z', 'o': 0.55}, {'t': '2025-10-03T13:24:00Z', 'o': 0.53}, {'t': '2025-10-03T13:25:00Z', 'o': 0.51}, {'t': '2025-10-03T13:26:00Z', 'o': 0.53}]}}
No Correcton applied
No Correcton applied
No Correcton applied
No Correcton applied
No Correcton applied
No Correcton applied
No Correcton applied
No Correcton applied
No Correcton applied
No Correcton applied
No Correcton applied
No Correcton applied
No Correcton applied
No Correcton applied
No Correcton applied
No Correcton applied
No Correcton applied
No Correcton applied
No Correcton applied
No Correcton applied
No Correcton applied
No Correcton applied
No Correcton applied
No Correcton applied
No Correcton applied
No Correcton applied
No Correcton applied
{'meta': {'location': 'Weedon Island, FL', 'station_id': 'hohonu-232', 'data_source': 'Hohonu', 'measurement_type': 'tidal', 'datum': {'label': 'MHHW', 'unit': 'ft'}}, 'data': {'waterlevel': [{'t': '2025-10-03T13:00:00Z', 'o': -0.1}, {'t': '2025-10-03T13:01:00Z', 'o': -0.1}, {'t': '2025-10-03T13:02:00Z', 'o': -0.08}, {'t': '2025-10-03T13:03:00Z', 'o': -0.09}, {'t': '2025-10-03T13:04:00Z', 'o': -0.09}, {'t': '2025-10-03T13:05:00Z', 'o': -0.08}, {'t': '2025-10-03T13:06:00Z', 'o': -0.08}, {'t': '2025-10-03T13:07:00Z', 'o': -0.08}, {'t': '2025-10-03T13:08:00Z', 'o': -0.06}, {'t': '2025-10-03T13:09:00Z', 'o': -0.06}, {'t': '2025-10-03T13:10:00Z', 'o': -0.06}, {'t': '2025-10-03T13:11:00Z', 'o': -0.06}, {'t': '2025-10-03T13:12:00Z', 'o': -0.05}, {'t': '2025-10-03T13:13:00Z', 'o': -0.04}, {'t': '2025-10-03T13:14:00Z', 'o': -0.04}, {'t': '2025-10-03T13:15:00Z', 'o': -0.03}, {'t': '2025-10-03T13:16:00Z', 'o': -0.04}, {'t': '2025-10-03T13:17:00Z', 'o': -0.03}, {'t': '2025-10-03T13:18:00Z', 'o': -0.01}, {'t': '2025-10-03T13:19:00Z', 'o': -0.03}, {'t': '2025-10-03T13:20:00Z', 'o': -0.02}, {'t': '2025-10-03T13:21:00Z', 'o': -0.01}, {'t': '2025-10-03T13:22:00Z', 'o': -0.0}, {'t': '2025-10-03T13:23:00Z', 'o': -0.0}, {'t': '2025-10-03T13:24:00Z', 'o': 0.0}, {'t': '2025-10-03T13:25:00Z', 'o': -0.0}, {'t': '2025-10-03T13:26:00Z', 'o': 0.01}, {'t': '2025-10-03T13:27:00Z', 'o': 0.01}, {'t': '2025-10-03T13:28:00Z', 'o': 0.02}, {'t': '2025-10-03T13:29:00Z', 'o': 0.01}]}}
No Correcton applied
No Correcton applied
No Correcton applied
No Correcton applied
No Correcton applied
No Correcton applied
No Correcton applied
No Correcton applied
No Correcton applied
No Correcton applied
No Correcton applied
No Correcton applied
No Correcton applied
No Correcton applied
No Correcton applied
No Correcton applied
No Correcton applied
No Correcton applied
No Correcton applied
No Correcton applied
No Correcton applied
No Correcton applied
No Correcton applied
No Correcton applied
No Correcton applied
No Correcton applied
No Correcton applied
No Correcton applied
No Correcton applied
No Correcton applied
{'meta': {'location': 'Cross Bayou at Cedarbrook Ct, FL', 'station_id': 'hohonu-279', 'data_source': 'Hohonu', 'measurement_type': 'tidal', 'datum': {'label': 'NAVD88', 'unit': 'ft'}}, 'data': {'waterlevel': [{'t': '2025-10-03T13:03:00Z', 'o': 2.19}, {'t': '2025-10-03T13:15:00Z', 'o': 1.89}, {'t': '2025-10-03T13:18:00Z', 'o': 1.73}, {'t': '2025-10-03T13:24:00Z', 'o': 1.73}, {'t': '2025-10-03T13:25:00Z', 'o': 2.0}, {'t': '2025-10-03T13:28:00Z', 'o': 2.01}]}}
No Correcton applied
No Correcton applied
No Correcton applied
No Correcton applied
No Correcton applied
No Correcton applied
{'meta': {'location': 'Cross Bayou at Ulmerton Rd, FL', 'station_id': 'hohonu-274', 'data_source': 'Hohonu', 'measurement_type': 'tidal', 'datum': {'label': 'NAVD88', 'unit': 'ft'}}, 'data': {'waterlevel': [{'t': '2025-10-03T13:00:00Z', 'o': 0.94}, {'t': '2025-10-03T13:01:00Z', 'o': 0.94}, {'t': '2025-10-03T13:02:00Z', 'o': 0.94}, {'t': '2025-10-03T13:03:00Z', 'o': 0.95}, {'t': '2025-10-03T13:04:00Z', 'o': 0.95}, {'t': '2025-10-03T13:05:00Z', 'o': 0.96}, {'t': '2025-10-03T13:06:00Z', 'o': 0.96}, {'t': '2025-10-03T13:07:00Z', 'o': 0.96}, {'t': '2025-10-03T13:08:00Z', 'o': 0.96}, {'t': '2025-10-03T13:09:00Z', 'o': 0.96}, {'t': '2025-10-03T13:10:00Z', 'o': 0.97}, {'t': '2025-10-03T13:11:00Z', 'o': 0.98}, {'t': '2025-10-03T13:12:00Z', 'o': 0.98}, {'t': '2025-10-03T13:13:00Z', 'o': 0.99}, {'t': '2025-10-03T13:14:00Z', 'o': 1.0}, {'t': '2025-10-03T13:15:00Z', 'o': 1.0}, {'t': '2025-10-03T13:16:00Z', 'o': 1.0}, {'t': '2025-10-03T13:17:00Z', 'o': 1.0}, {'t': '2025-10-03T13:18:00Z', 'o': 1.01}, {'t': '2025-10-03T13:19:00Z', 'o': 1.02}, {'t': '2025-10-03T13:20:00Z', 'o': 1.02}, {'t': '2025-10-03T13:21:00Z', 'o': 1.03}, {'t': '2025-10-03T13:22:00Z', 'o': 1.03}, {'t': '2025-10-03T13:23:00Z', 'o': 1.03}, {'t': '2025-10-03T13:24:00Z', 'o': 1.04}, {'t': '2025-10-03T13:25:00Z', 'o': 1.04}, {'t': '2025-10-03T13:26:00Z', 'o': 1.06}, {'t': '2025-10-03T13:27:00Z', 'o': 1.06}, {'t': '2025-10-03T13:28:00Z', 'o': 1.06}, {'t': '2025-10-03T13:29:00Z', 'o': 1.07}]}}
No Correcton applied
No Correcton applied
No Correcton applied
No Correcton applied
No Correcton applied
No Correcton applied
No Correcton applied
No Correcton applied
No Correcton applied
No Correcton applied
No Correcton applied
No Correcton applied
No Correcton applied
No Correcton applied
No Correcton applied
No Correcton applied
No Correcton applied
No Correcton applied
No Correcton applied
No Correcton applied
No Correcton applied
No Correcton applied
No Correcton applied
No Correcton applied
No Correcton applied
No Correcton applied
No Correcton applied
No Correcton applied
No Correcton applied
No Correcton applied
{'meta': {'location': 'Alligator Lake, FL', 'station_id': 'hohonu-243', 'data_source': 'Hohonu', 'measurement_type': 'tidal', 'datum': {'label': 'NAVD88', 'unit': 'ft'}}, 'data': {'waterlevel': [{'t': '2025-10-03T13:00:00Z', 'o': 4.27}, {'t': '2025-10-03T13:01:00Z', 'o': 4.26}, {'t': '2025-10-03T13:02:00Z', 'o': 4.27}, {'t': '2025-10-03T13:03:00Z', 'o': 4.26}, {'t': '2025-10-03T13:04:00Z', 'o': 4.26}, {'t': '2025-10-03T13:05:00Z', 'o': 4.27}, {'t': '2025-10-03T13:06:00Z', 'o': 4.26}, {'t': '2025-10-03T13:07:00Z', 'o': 4.27}, {'t': '2025-10-03T13:08:00Z', 'o': 4.27}, {'t': '2025-10-03T13:09:00Z', 'o': 4.27}, {'t': '2025-10-03T13:10:00Z', 'o': 4.28}, {'t': '2025-10-03T13:11:00Z', 'o': 4.27}, {'t': '2025-10-03T13:12:00Z', 'o': 4.26}, {'t': '2025-10-03T13:13:00Z', 'o': 4.28}, {'t': '2025-10-03T13:14:00Z', 'o': 4.27}, {'t': '2025-10-03T13:15:00Z', 'o': 4.26}, {'t': '2025-10-03T13:16:00Z', 'o': 4.27}, {'t': '2025-10-03T13:17:00Z', 'o': 4.27}, {'t': '2025-10-03T13:18:00Z', 'o': 4.28}, {'t': '2025-10-03T13:19:00Z', 'o': 4.26}, {'t': '2025-10-03T13:20:00Z', 'o': 4.26}, {'t': '2025-10-03T13:21:00Z', 'o': 4.26}, {'t': '2025-10-03T13:22:00Z', 'o': 4.27}, {'t': '2025-10-03T13:23:00Z', 'o': 4.27}, {'t': '2025-10-03T13:24:00Z', 'o': 4.27}, {'t': '2025-10-03T13:25:00Z', 'o': 4.26}, {'t': '2025-10-03T13:26:00Z', 'o': 4.27}, {'t': '2025-10-03T13:27:00Z', 'o': 4.27}, {'t': '2025-10-03T13:28:00Z', 'o': 4.27}, {'t': '2025-10-03T13:29:00Z', 'o': 4.26}]}}
No Correcton applied
No Correcton applied
No Correcton applied
No Correcton applied
No Correcton applied
No Correcton applied
No Correcton applied
No Correcton applied
No Correcton applied
No Correcton applied
No Correcton applied
No Correcton applied
No Correcton applied
No Correcton applied
No Correcton applied
No Correcton applied
No Correcton applied
No Correcton applied
No Correcton applied
No Correcton applied
No Correcton applied
No Correcton applied
No Correcton applied
No Correcton applied
No Correcton applied
No Correcton applied
No Correcton applied
No Correcton applied
No Correcton applied
No Correcton applied
{'meta': {'location': 'Phillippe Park, FL', 'station_id': 'hohonu-233', 'data_source': 'Hohonu', 'measurement_type': 'tidal', 'datum': {'label': 'MHHW', 'unit': 'ft'}}, 'data': {'waterlevel': [{'t': '2025-10-03T13:00:00Z', 'o': -0.54}, {'t': '2025-10-03T13:01:00Z', 'o': -0.54}, {'t': '2025-10-03T13:02:00Z', 'o': -0.54}, {'t': '2025-10-03T13:03:00Z', 'o': -0.53}, {'t': '2025-10-03T13:04:00Z', 'o': -0.51}, {'t': '2025-10-03T13:05:00Z', 'o': -0.51}, {'t': '2025-10-03T13:06:00Z', 'o': -0.51}, {'t': '2025-10-03T13:07:00Z', 'o': -0.52}, {'t': '2025-10-03T13:08:00Z', 'o': -0.52}, {'t': '2025-10-03T13:09:00Z', 'o': -0.52}, {'t': '2025-10-03T13:10:00Z', 'o': -0.49}, {'t': '2025-10-03T13:11:00Z', 'o': -0.52}, {'t': '2025-10-03T13:12:00Z', 'o': -0.5}, {'t': '2025-10-03T13:13:00Z', 'o': -0.48}, {'t': '2025-10-03T13:14:00Z', 'o': -0.48}, {'t': '2025-10-03T13:15:00Z', 'o': -0.48}, {'t': '2025-10-03T13:16:00Z', 'o': -0.45}, {'t': '2025-10-03T13:17:00Z', 'o': -0.45}, {'t': '2025-10-03T13:18:00Z', 'o': -0.47}, {'t': '2025-10-03T13:19:00Z', 'o': -0.46}, {'t': '2025-10-03T13:20:00Z', 'o': -0.42}, {'t': '2025-10-03T13:21:00Z', 'o': -0.45}, {'t': '2025-10-03T13:22:00Z', 'o': -0.43}, {'t': '2025-10-03T13:23:00Z', 'o': -0.41}, {'t': '2025-10-03T13:24:00Z', 'o': -0.44}, {'t': '2025-10-03T13:25:00Z', 'o': -0.44}, {'t': '2025-10-03T13:26:00Z', 'o': -0.41}, {'t': '2025-10-03T13:27:00Z', 'o': -0.43}, {'t': '2025-10-03T13:28:00Z', 'o': -0.4}, {'t': '2025-10-03T13:29:00Z', 'o': -0.44}]}}
No Correcton applied
No Correcton applied
No Correcton applied
No Correcton applied
No Correcton applied
No Correcton applied
No Correcton applied
No Correcton applied
No Correcton applied
No Correcton applied
No Correcton applied
No Correcton applied
No Correcton applied
No Correcton applied
No Correcton applied
No Correcton applied
No Correcton applied
No Correcton applied
No Correcton applied
No Correcton applied
No Correcton applied
No Correcton applied
No Correcton applied
No Correcton applied
No Correcton applied
No Correcton applied
No Correcton applied
No Correcton applied
No Correcton applied
No Correcton applied
{'meta': {'location': 'CR95, FL', 'station_id': 'hohonu-280', 'data_source': 'Hohonu', 'measurement_type': 'tidal', 'datum': {'label': 'NAVD88', 'unit': 'ft'}}, 'data': {'waterlevel': [{'t': '2025-10-03T13:03:00Z', 'o': 28.36}, {'t': '2025-10-03T13:05:00Z', 'o': 28.33}, {'t': '2025-10-03T13:11:00Z', 'o': 28.32}, {'t': '2025-10-03T13:12:00Z', 'o': 28.33}, {'t': '2025-10-03T13:15:00Z', 'o': 28.32}, {'t': '2025-10-03T13:20:00Z', 'o': 28.3}]}}
No Correcton applied
No Correcton applied
No Correcton applied
No Correcton applied
No Correcton applied
No Correcton applied
{'meta': {'location': 'Brooker Creek at Tarpon Woods Blvd, FL', 'station_id': 'hohonu-281', 'data_source': 'Hohonu', 'measurement_type': 'tidal', 'datum': {'label': 'NAVD88', 'unit': 'ft'}}, 'data': {'waterlevel': [{'t': '2025-10-03T13:00:00Z', 'o': 2.73}, {'t': '2025-10-03T13:01:00Z', 'o': 2.73}, {'t': '2025-10-03T13:02:00Z', 'o': 2.73}, {'t': '2025-10-03T13:03:00Z', 'o': 2.74}, {'t': '2025-10-03T13:04:00Z', 'o': 2.73}, {'t': '2025-10-03T13:05:00Z', 'o': 2.73}, {'t': '2025-10-03T13:06:00Z', 'o': 2.73}, {'t': '2025-10-03T13:07:00Z', 'o': 2.73}, {'t': '2025-10-03T13:08:00Z', 'o': 2.73}, {'t': '2025-10-03T13:09:00Z', 'o': 2.73}, {'t': '2025-10-03T13:10:00Z', 'o': 2.72}, {'t': '2025-10-03T13:11:00Z', 'o': 2.73}, {'t': '2025-10-03T13:12:00Z', 'o': 2.73}, {'t': '2025-10-03T13:13:00Z', 'o': 2.72}, {'t': '2025-10-03T13:14:00Z', 'o': 2.72}, {'t': '2025-10-03T13:15:00Z', 'o': 2.72}, {'t': '2025-10-03T13:16:00Z', 'o': 2.72}, {'t': '2025-10-03T13:17:00Z', 'o': 2.72}, {'t': '2025-10-03T13:18:00Z', 'o': 2.71}, {'t': '2025-10-03T13:19:00Z', 'o': 2.72}, {'t': '2025-10-03T13:20:00Z', 'o': 2.71}, {'t': '2025-10-03T13:21:00Z', 'o': 2.71}, {'t': '2025-10-03T13:22:00Z', 'o': 2.71}, {'t': '2025-10-03T13:23:00Z', 'o': 2.71}, {'t': '2025-10-03T13:24:00Z', 'o': 2.71}, {'t': '2025-10-03T13:25:00Z', 'o': 2.71}, {'t': '2025-10-03T13:26:00Z', 'o': 2.71}, {'t': '2025-10-03T13:27:00Z', 'o': 2.71}, {'t': '2025-10-03T13:28:00Z', 'o': 2.71}, {'t': '2025-10-03T13:29:00Z', 'o': 2.71}]}}
No Correcton applied
No Correcton applied
No Correcton applied
No Correcton applied
No Correcton applied
No Correcton applied
No Correcton applied
No Correcton applied
No Correcton applied
No Correcton applied
No Correcton applied
No Correcton applied
No Correcton applied
No Correcton applied
No Correcton applied
No Correcton applied
No Correcton applied
No Correcton applied
No Correcton applied
No Correcton applied
No Correcton applied
No Correcton applied
No Correcton applied
No Correcton applied
No Correcton applied
No Correcton applied
No Correcton applied
No Correcton applied
No Correcton applied
No Correcton applied
{'meta': {'location': 'Sutherland Bayou, FL', 'station_id': 'hohonu-234', 'data_source': 'Hohonu', 'measurement_type': 'tidal', 'datum': {'label': 'MHHW', 'unit': 'ft'}}, 'data': {'waterlevel': [{'t': '2025-10-03T13:01:00Z', 'o': 1.5}, {'t': '2025-10-03T13:04:00Z', 'o': 1.5}, {'t': '2025-10-03T13:05:00Z', 'o': 1.5}, {'t': '2025-10-03T13:07:00Z', 'o': 1.5}, {'t': '2025-10-03T13:08:00Z', 'o': 1.49}, {'t': '2025-10-03T13:10:00Z', 'o': 1.5}, {'t': '2025-10-03T13:11:00Z', 'o': 1.48}, {'t': '2025-10-03T13:13:00Z', 'o': 1.48}, {'t': '2025-10-03T13:14:00Z', 'o': 1.48}, {'t': '2025-10-03T13:16:00Z', 'o': 1.47}, {'t': '2025-10-03T13:17:00Z', 'o': 1.47}, {'t': '2025-10-03T13:19:00Z', 'o': 1.47}, {'t': '2025-10-03T13:20:00Z', 'o': 1.47}, {'t': '2025-10-03T13:22:00Z', 'o': 1.48}, {'t': '2025-10-03T13:23:00Z', 'o': 1.49}, {'t': '2025-10-03T13:25:00Z', 'o': 1.5}, {'t': '2025-10-03T13:26:00Z', 'o': 1.51}, {'t': '2025-10-03T13:28:00Z', 'o': 1.52}, {'t': '2025-10-03T13:29:00Z', 'o': 1.52}]}}
No Correcton applied
No Correcton applied
No Correcton applied
No Correcton applied
No Correcton applied
No Correcton applied
No Correcton applied
No Correcton applied
No Correcton applied
No Correcton applied
No Correcton applied
No Correcton applied
No Correcton applied
No Correcton applied
No Correcton applied
No Correcton applied
No Correcton applied
No Correcton applied
No Correcton applied
{'meta': {'location': 'Anclote River at Elfers Spur, FL', 'station_id': 'hohonu-241', 'data_source': 'Hohonu', 'measurement_type': 'tidal', 'datum': {'label': 'MHHW', 'unit': 'ft'}}, 'data': {'waterlevel': [{'t': '2025-10-03T13:00:00Z', 'o': 0.21}, {'t': '2025-10-03T13:01:00Z', 'o': 0.23}, {'t': '2025-10-03T13:02:00Z', 'o': 0.24}, {'t': '2025-10-03T13:03:00Z', 'o': 0.23}, {'t': '2025-10-03T13:04:00Z', 'o': 0.24}, {'t': '2025-10-03T13:05:00Z', 'o': 0.25}, {'t': '2025-10-03T13:06:00Z', 'o': 0.26}, {'t': '2025-10-03T13:07:00Z', 'o': 0.25}, {'t': '2025-10-03T13:08:00Z', 'o': 0.26}, {'t': '2025-10-03T13:09:00Z', 'o': 0.28}, {'t': '2025-10-03T13:10:00Z', 'o': 0.28}, {'t': '2025-10-03T13:11:00Z', 'o': 0.28}, {'t': '2025-10-03T13:12:00Z', 'o': 0.28}, {'t': '2025-10-03T13:13:00Z', 'o': 0.3}, {'t': '2025-10-03T13:14:00Z', 'o': 0.29}, {'t': '2025-10-03T13:15:00Z', 'o': 0.3}, {'t': '2025-10-03T13:16:00Z', 'o': 0.3}, {'t': '2025-10-03T13:17:00Z', 'o': 0.29}, {'t': '2025-10-03T13:18:00Z', 'o': 0.29}, {'t': '2025-10-03T13:19:00Z', 'o': 0.3}, {'t': '2025-10-03T13:20:00Z', 'o': 0.31}, {'t': '2025-10-03T13:21:00Z', 'o': 0.31}, {'t': '2025-10-03T13:22:00Z', 'o': 0.32}, {'t': '2025-10-03T13:23:00Z', 'o': 0.31}, {'t': '2025-10-03T13:24:00Z', 'o': 0.31}, {'t': '2025-10-03T13:25:00Z', 'o': 0.32}, {'t': '2025-10-03T13:26:00Z', 'o': 0.34}, {'t': '2025-10-03T13:27:00Z', 'o': 0.33}, {'t': '2025-10-03T13:28:00Z', 'o': 0.33}, {'t': '2025-10-03T13:29:00Z', 'o': 0.34}]}}
No Correcton applied
No Correcton applied
No Correcton applied
No Correcton applied
No Correcton applied
No Correcton applied
No Correcton applied
No Correcton applied
No Correcton applied
No Correcton applied
No Correcton applied
No Correcton applied
No Correcton applied
No Correcton applied
No Correcton applied
No Correcton applied
No Correcton applied
No Correcton applied
No Correcton applied
No Correcton applied
No Correcton applied
No Correcton applied
No Correcton applied
No Correcton applied
No Correcton applied
No Correcton applied
No Correcton applied
No Correcton applied
No Correcton applied
No Correcton applied
{'meta': {'location': 'Mizell Outfall at ICWW', 'station_id': 'hohonu-259', 'data_source': 'Hohonu', 'measurement_type': 'tidal', 'datum': {'label': 'MHHW', 'unit': 'ft'}}, 'data': {'waterlevel': [{'t': '2025-10-03T13:01:00Z', 'o': 1.49}, {'t': '2025-10-03T13:04:00Z', 'o': 1.45}, {'t': '2025-10-03T13:07:00Z', 'o': 1.42}, {'t': '2025-10-03T13:10:00Z', 'o': 1.39}, {'t': '2025-10-03T13:13:00Z', 'o': 1.36}, {'t': '2025-10-03T13:16:00Z', 'o': 1.33}, {'t': '2025-10-03T13:19:00Z', 'o': 1.3}, {'t': '2025-10-03T13:22:00Z', 'o': 1.28}, {'t': '2025-10-03T13:25:00Z', 'o': 1.24}, {'t': '2025-10-03T13:28:00Z', 'o': 1.21}]}}
No Correcton applied
No Correcton applied
No Correcton applied
No Correcton applied
No Correcton applied
No Correcton applied
No Correcton applied
No Correcton applied
No Correcton applied
No Correcton applied
{'meta': {'location': 'McKay Creek at Hickory Dr, FL', 'station_id': 'hohonu-282', 'data_source': 'Hohonu', 'measurement_type': 'tidal', 'datum': {'label': 'NAVD88', 'unit': 'ft'}}, 'data': {'waterlevel': [{'t': '2025-10-03T13:00:00Z', 'o': 1.59}, {'t': '2025-10-03T13:01:00Z', 'o': 1.6}, {'t': '2025-10-03T13:02:00Z', 'o': 1.6}, {'t': '2025-10-03T13:03:00Z', 'o': 1.61}, {'t': '2025-10-03T13:04:00Z', 'o': 1.61}, {'t': '2025-10-03T13:05:00Z', 'o': 1.62}, {'t': '2025-10-03T13:06:00Z', 'o': 1.62}, {'t': '2025-10-03T13:07:00Z', 'o': 1.62}, {'t': '2025-10-03T13:08:00Z', 'o': 1.62}, {'t': '2025-10-03T13:09:00Z', 'o': 1.62}, {'t': '2025-10-03T13:10:00Z', 'o': 1.62}, {'t': '2025-10-03T13:11:00Z', 'o': 1.62}, {'t': '2025-10-03T13:12:00Z', 'o': 1.62}, {'t': '2025-10-03T13:13:00Z', 'o': 1.62}, {'t': '2025-10-03T13:14:00Z', 'o': 1.62}, {'t': '2025-10-03T13:15:00Z', 'o': 1.63}, {'t': '2025-10-03T13:16:00Z', 'o': 1.63}, {'t': '2025-10-03T13:17:00Z', 'o': 1.63}, {'t': '2025-10-03T13:18:00Z', 'o': 1.64}, {'t': '2025-10-03T13:19:00Z', 'o': 1.64}, {'t': '2025-10-03T13:20:00Z', 'o': 1.64}, {'t': '2025-10-03T13:21:00Z', 'o': 1.64}, {'t': '2025-10-03T13:22:00Z', 'o': 1.65}, {'t': '2025-10-03T13:23:00Z', 'o': 1.65}, {'t': '2025-10-03T13:24:00Z', 'o': 1.65}, {'t': '2025-10-03T13:25:00Z', 'o': 1.65}, {'t': '2025-10-03T13:26:00Z', 'o': 1.65}, {'t': '2025-10-03T13:27:00Z', 'o': 1.65}, {'t': '2025-10-03T13:28:00Z', 'o': 1.65}, {'t': '2025-10-03T13:29:00Z', 'o': 1.65}]}}
No Correcton applied
No Correcton applied
No Correcton applied
No Correcton applied
No Correcton applied
No Correcton applied
No Correcton applied
No Correcton applied
No Correcton applied
No Correcton applied
No Correcton applied
No Correcton applied
No Correcton applied
No Correcton applied
No Correcton applied
No Correcton applied
No Correcton applied
No Correcton applied
No Correcton applied
No Correcton applied
No Correcton applied
No Correcton applied
No Correcton applied
No Correcton applied
No Correcton applied
No Correcton applied
No Correcton applied
No Correcton applied
No Correcton applied
No Correcton applied
{'meta': {'location': "John's Pass", 'station_id': 'hohonu-72', 'data_source': 'Hohonu', 'measurement_type': 'tidal', 'datum': {'label': 'MHHW', 'unit': 'ft'}}, 'data': {'waterlevel': [{'t': '2025-10-03T13:00:00Z', 'o': 0.4}, {'t': '2025-10-03T13:01:00Z', 'o': 0.42}, {'t': '2025-10-03T13:02:00Z', 'o': 0.42}, {'t': '2025-10-03T13:03:00Z', 'o': 0.4}, {'t': '2025-10-03T13:04:00Z', 'o': 0.41}, {'t': '2025-10-03T13:05:00Z', 'o': 0.42}, {'t': '2025-10-03T13:06:00Z', 'o': 0.41}, {'t': '2025-10-03T13:07:00Z', 'o': 0.42}, {'t': '2025-10-03T13:08:00Z', 'o': 0.43}, {'t': '2025-10-03T13:09:00Z', 'o': 0.45}, {'t': '2025-10-03T13:10:00Z', 'o': 0.45}, {'t': '2025-10-03T13:11:00Z', 'o': 0.43}, {'t': '2025-10-03T13:12:00Z', 'o': 0.46}, {'t': '2025-10-03T13:13:00Z', 'o': 0.41}, {'t': '2025-10-03T13:14:00Z', 'o': 0.4}, {'t': '2025-10-03T13:15:00Z', 'o': 0.39}, {'t': '2025-10-03T13:16:00Z', 'o': 0.37}, {'t': '2025-10-03T13:17:00Z', 'o': 0.38}, {'t': '2025-10-03T13:18:00Z', 'o': 0.36}, {'t': '2025-10-03T13:19:00Z', 'o': 0.36}, {'t': '2025-10-03T13:20:00Z', 'o': 0.39}, {'t': '2025-10-03T13:21:00Z', 'o': 0.37}, {'t': '2025-10-03T13:22:00Z', 'o': 0.39}, {'t': '2025-10-03T13:23:00Z', 'o': 0.36}, {'t': '2025-10-03T13:24:00Z', 'o': 0.36}, {'t': '2025-10-03T13:25:00Z', 'o': 0.37}, {'t': '2025-10-03T13:26:00Z', 'o': 0.38}, {'t': '2025-10-03T13:27:00Z', 'o': 0.38}, {'t': '2025-10-03T13:28:00Z', 'o': 0.36}, {'t': '2025-10-03T13:29:00Z', 'o': 0.37}]}}
No Correcton applied
No Correcton applied
No Correcton applied
No Correcton applied
No Correcton applied
No Correcton applied
No Correcton applied
No Correcton applied
No Correcton applied
No Correcton applied
No Correcton applied
No Correcton applied
No Correcton applied
No Correcton applied
No Correcton applied
No Correcton applied
No Correcton applied
No Correcton applied
No Correcton applied
No Correcton applied
No Correcton applied
No Correcton applied
No Correcton applied
No Correcton applied
No Correcton applied
No Correcton applied
No Correcton applied
No Correcton applied
No Correcton applied
No Correcton applied
.E MXCF1 20251003 Z DH1300/HCIRP/DIN01/0.44/0.44/0.42/0.44/0.41/0.41/0.39
.E1 /0.4/0.41/0.42/0.41/0.4/0.41/0.37
.E2 /0.4/0.4/0.39/0.37/0.36/0.33/0.34
.E3 /0.36/0.35/0.38/0.38/0.33/0.32/0.33
.E4 /M/M : Mexico Beach
.E SMFF1 20251003 Z DH1300/HCIRP/DIN01/-0.12/-0.13/-0.14/-0.15/-0.16/-0.18/-0.2
.E1 /-0.21/-0.21/-0.22/-0.22/-0.22/-0.25/-0.25
.E2 /-0.27/-0.29/-0.3/-0.31/-0.31/-0.32/-0.34
.E3 /-0.35/-0.35/-0.36/-0.36/-0.38/-0.39/-0.42
.E4 /-0.44/-0.44 : St Augustine Municipal Marina, FL
.E MTIF1 20251003 Z DH1300/HCIRP/DIN01/0.53/M/0.35/0.42/M/0.35/0.33
.E1 /M/0.29/0.09/M/0.29/0.13/M
.E2 /0.12/0.03/M/-0.03/0.15/M/0.28
.E3 /0.2/M/-0.1/0.04/M/-0.07/-0.03
.E4 /M/0.2 : SR A1A Bridge, Matanzas Inlet
.E MPCF1 20251003 Z DH1300/HGIRP/DIN01/0.0/0.0/0.0/0.0/0.0/0.0/0.0
.E1 /0.0/0.0/0.0/0.0/0.0/0.0/0.0
.E2 /0.0/0.0/0.0/0.0/0.0/0.0/0.0
.E3 /0.0/0.0/0.0/0.0/0.0/0.0/0.0
.E4 /0.0/0.0 : Boca Ciega-Millenium Park, FL
.E TWMF1 20251003 Z DH1300/HCIRP/DIN01/0.16/0.15/0.13/0.12/0.1/0.1/0.08
.E1 /0.08/0.08/0.06/0.06/0.06/0.03/0.02
.E2 /0.04/0.01/0.0/0.0/-0.01/-0.04/-0.04
.E3 /-0.04/-0.05/-0.07/-0.07/-0.07/-0.08/-0.1
.E4 /-0.11/-0.11 : Town Marina, Palm Beach, FL
.E IWBF1 20251003 Z DH1300/HCIRP/DIN01/0.21/0.2/0.2/0.18/0.18/0.17/0.17
.E1 /0.18/0.17/0.15/0.13/0.13/0.12/0.11
.E2 /0.1/0.1/0.1/0.11/0.11/0.1/0.08
.E3 /0.07/0.05/0.04/0.05/0.04/0.03/0.02
.E4 /0.01/-0.01 : Ibis Way Bridge, Palm Beach, FL
.E BNCF1 20251003 Z DH1300/HCIRP/DIN01/0.42/0.43/0.43/0.44/0.44/0.45/0.45
.E1 /0.46/0.46/0.47/0.47/0.48/0.48/0.48
.E2 /0.49/0.49/0.5/0.51/0.52/0.52/0.53
.E3 /0.53/0.52/0.54/0.54/0.54/0.55/0.56
.E4 /0.56/0.56 : Imperial Boat Ramp, Lee County, FL 
.E NPCF1 20251003 Z DH1300/HCIRP/DIN01/M/0.52/M/M/0.5/M/M
.E1 /0.51/M/M/0.51/M/M/0.45
.E2 /M/M/0.51/M/M/0.53/M
.E3 /M/0.56/M/M/0.49/M/M
.E4 /M/M : New Pass Bridge, Lee County, FL
.E MUCF1 20251003 Z DH1300/HCIRP/DIN01/-0.06/-0.07/-0.06/-0.05/-0.05/-0.05/-0.04
.E1 /-0.03/-0.03/-0.03/-0.03/-0.02/-0.01/-0.01
.E2 /-0.01/-0.01/0.01/0.01/0.02/0.01/0.03
.E3 /0.04/0.02/0.02/0.03/0.03/0.04/0.05
.E4 /0.05/0.06 : Mullock Creek, Lee County, FL 
.E OWCF1 20251003 Z DH1300/HCIRP/DIN01/-0.59/-0.57/-0.57/-0.57/-0.56/-0.54/-0.53
.E1 /-0.55/-0.53/-0.53/-0.52/-0.51/-0.51/-0.5
.E2 /-0.49/-0.48/-0.46/-0.46/-0.45/-0.45/-0.45
.E3 /-0.42/-0.42/-0.41/-0.41/-0.4/-0.4/-0.39
.E4 /-0.38/-0.37 : Owl Creek, Lee County, FL
.E DCCF1 20251003 Z DH1300/HCIRP/DIN01/-0.14/-0.14/-0.14/-0.13/-0.12/-0.13/-0.13
.E1 /-0.12/-0.11/-0.11/-0.1/-0.09/-0.09/-0.09
.E2 /-0.1/-0.08/-0.07/-0.07/-0.06/-0.06/-0.05
.E3 /-0.05/-0.03/-0.03/-0.03/-0.03/-0.02/-0.03
.E4 /-0.02/-0.03 : Daughtry Creek, Lee County, FL
.E FMLF1 20251003 Z DH1300/HGIRP/DIN01/0.0/0.0/0.0/0.0/0.0/0.0/0.0
.E1 /0.0/0.0/0.0/0.0/0.0/0.0/0.0
.E2 /0.0/0.0/0.0/0.0/0.0/0.0/0.0
.E3 /0.0/0.0/0.0/0.0/0.0/0.0/M
.E4 /M/M : First Street Land Sensor, Lee County, FL 
.E HBCF1 20251003 Z DH1300/HCIRP/DIN01/-0.24/-0.24/-0.24/-0.24/-0.23/-0.22/-0.22
.E1 /-0.22/-0.22/-0.22/-0.21/-0.2/-0.2/-0.2
.E2 /-0.2/-0.2/-0.19/-0.19/-0.18/-0.18/-0.18
.E3 /-0.18/-0.17/-0.16/-0.16/-0.16/-0.16/-0.16
.E4 /-0.16/-0.16 : Hancock Bridge, Lee County, FL
.E CBCF1 20251003 Z DH1300/HCIRP/DIN01/0.05/0.04/0.05/0.06/0.05/0.04/0.06
.E1 /0.05/0.05/M/M/0.06/0.05/0.06
.E2 /0.06/0.06/0.06/0.07/0.06/0.06/0.07
.E3 /0.07/0.08/0.06/0.02/M/M/M
.E4 /M/M : Cape Coral Bridge, Lee County, FL
.E ORCF1 20251003 Z DH1300/HCIRP/DIN01/0.77/0.77/0.77/0.77/0.77/0.77/0.77
.E1 /0.78/0.77/0.77/0.77/0.77/0.77/0.77
.E2 /0.77/0.77/0.77/0.77/0.77/0.77/0.77
.E3 /0.77/0.77/0.77/0.78/0.77/0.77/M
.E4 /M/M : Orange River Bridge, Lee County, FL
.E CICF1 20251003 Z DH1300/HCIRP/DIN01/0.59/0.61/0.6/0.59/0.59/0.6/0.6
.E1 /0.6/0.61/0.62/0.62/0.61/0.62/0.63
.E2 /0.64/0.63/0.62/0.63/0.63/0.64/0.64
.E3 /0.65/0.64/0.64/0.67/0.66/0.66/0.66
.E4 /0.65/0.66 : Sanibel Causeway, Lee County, FL
.E SICF1 20251003 Z DH1300/HCIRP/DIN01/M/M/M/M/M/0.89/0.91
.E1 /0.86/0.9/0.88/0.9/0.86/0.85/0.91
.E2 /0.89/0.9/0.89/0.91/0.87/0.84/0.9
.E3 /0.9/M/M/M/M/M/M
.E4 /M/M : Sanibel
.E CVCF1 20251003 Z DH1300/HCIRP/DIN01/0.65/0.64/0.7/0.71/0.68/0.67/0.65
.E1 /0.7/0.68/0.66/0.68/0.68/0.66/0.73
.E2 /0.68/0.71/0.71/0.66/0.71/0.69/0.7
.E3 /0.7/0.7/0.65/0.72/0.69/0.74/0.72
.E4 /0.68/0.73 : Captiva Island, FL
.E GICF1 20251003 Z DH1300/HCIRP/DIN01/M/M/M/M/M/M/M
.E1 /M/M/M/M/M/M/M
.E2 /M/0.65/M/M/0.37/M/M
.E3 /M/M/M/M/M/M/0.82
.E4 /M/M : Boca Grande, Lee County, FL
.E ELCF1 20251003 Z DH1300/HCIRP/DIN01/0.38/0.38/0.38/0.38/0.39/0.39/0.39
.E1 /0.4/M/M/M/M/M/M
.E2 /M/M/M/M/M/M/M
.E3 /M/M/M/M/M/M/M
.E4 /M/M : Bokeelia, Lee County, FL
.E ATCF1 20251003 Z DH1300/HCIRP/DIN01/M/0.42/M/M/0.42/M/M
.E1 /0.38/M/M/0.41/M/M/0.42
.E2 /M/M/0.47/M/M/0.42/M
.E3 /M/0.44/M/M/0.49/M/M
.E4 /0.47/M : Matlacha Bridge, Lee County, FL
.E JMCF1 20251003 Z DH1300/HCIRP/DIN01/0.47/0.45/0.5/0.48/0.47/0.49/0.47
.E1 /0.48/0.49/0.48/0.47/0.49/0.5/0.48
.E2 /0.49/0.52/0.5/0.51/0.51/0.5/0.5
.E3 /0.53/0.54/0.55/0.53/0.51/0.53/M
.E4 /M/M : St. James City, Lee County, FL
.E WDCF1 20251003 Z DH1300/HCIRP/DIN01/-0.1/-0.1/-0.08/-0.09/-0.09/-0.08/-0.08
.E1 /-0.08/-0.06/-0.06/-0.06/-0.06/-0.05/-0.04
.E2 /-0.04/-0.03/-0.04/-0.03/-0.01/-0.03/-0.02
.E3 /-0.01/-0.0/-0.0/0.0/-0.0/0.01/0.01
.E4 /0.02/0.01 : Weedon Island, FL
.E CSCF1 20251003 Z DH1300/HGIRP/DIN01/M/M/M/2.19/M/M/M
.E1 /M/M/M/M/M/M/M
.E2 /M/1.89/M/M/1.73/M/M
.E3 /M/M/M/1.73/2.0/M/M
.E4 /2.01/M : Cross Bayou at Cedarbrook Ct, FL
.E CUCF1 20251003 Z DH1300/HGIRP/DIN01/0.94/0.94/0.94/0.95/0.95/0.96/0.96
.E1 /0.96/0.96/0.96/0.97/0.98/0.98/0.99
.E2 /1.0/1.0/1.0/1.0/1.01/1.02/1.02
.E3 /1.03/1.03/1.03/1.04/1.04/1.06/1.06
.E4 /1.06/1.07 : Cross Bayou at Ulmerton Rd, FL
.E AGCF1 20251003 Z DH1300/HGIRP/DIN01/4.27/4.26/4.27/4.26/4.26/4.27/4.26
.E1 /4.27/4.27/4.27/4.28/4.27/4.26/4.28
.E2 /4.27/4.26/4.27/4.27/4.28/4.26/4.26
.E3 /4.26/4.27/4.27/4.27/4.26/4.27/4.27
.E4 /4.27/4.26 : Alligator Lake, FL
.E PHCF1 20251003 Z DH1300/HCIRP/DIN01/-0.54/-0.54/-0.54/-0.53/-0.51/-0.51/-0.51
.E1 /-0.52/-0.52/-0.52/-0.49/-0.52/-0.5/-0.48
.E2 /-0.48/-0.48/-0.45/-0.45/-0.47/-0.46/-0.42
.E3 /-0.45/-0.43/-0.41/-0.44/-0.44/-0.41/-0.43
.E4 /-0.4/-0.44 : Phillippe Park, FL
.E RDCF1 20251003 Z DH1300/HGIRP/DIN01/M/M/M/28.36/M/28.33/M
.E1 /M/M/M/M/28.32/28.33/M
.E2 /M/28.32/M/M/M/M/28.3
.E3 /M/M/M/M/M/M/M
.E4 /M/M : CR95, FL
.E BWCF1 20251003 Z DH1300/HGIRP/DIN01/2.73/2.73/2.73/2.74/2.73/2.73/2.73
.E1 /2.73/2.73/2.73/2.72/2.73/2.73/2.72
.E2 /2.72/2.72/2.72/2.72/2.71/2.72/2.71
.E3 /2.71/2.71/2.71/2.71/2.71/2.71/2.71
.E4 /2.71/2.71 : Brooker Creek at Tarpon Woods Blvd, FL
.E YUCF1 20251003 Z DH1300/HCIRP/DIN01/M/1.5/M/M/1.5/1.5/M
.E1 /1.5/1.49/M/1.5/1.48/M/1.48
.E2 /1.48/M/1.47/1.47/M/1.47/1.47
.E3 /M/1.48/1.49/M/1.5/1.51/M
.E4 /1.52/1.52 : Sutherland Bayou, FL
.E AECF1 20251003 Z DH1300/HCIRP/DIN01/0.21/0.23/0.24/0.23/0.24/0.25/0.26
.E1 /0.25/0.26/0.28/0.28/0.28/0.28/0.3
.E2 /0.29/0.3/0.3/0.29/0.29/0.3/0.31
.E3 /0.31/0.32/0.31/0.31/0.32/0.34/0.33
.E4 /0.33/0.34 : Anclote River at Elfers Spur, FL
.E MIZF1 20251003 Z DH1300/HCIRP/DIN01/M/1.49/M/M/1.45/M/M
.E1 /1.42/M/M/1.39/M/M/1.36
.E2 /M/M/1.33/M/M/1.3/M
.E3 /M/1.28/M/M/1.24/M/M
.E4 /1.21/M : Mizell Outfall at ICWW
.E CKCF1 20251003 Z DH1300/HGIRP/DIN01/1.59/1.6/1.6/1.61/1.61/1.62/1.62
.E1 /1.62/1.62/1.62/1.62/1.62/1.62/1.62
.E2 /1.62/1.63/1.63/1.63/1.64/1.64/1.64
.E3 /1.64/1.65/1.65/1.65/1.65/1.65/1.65
.E4 /1.65/1.65 : McKay Creek at Hickory Dr, FL
.E JPCF1 20251003 Z DH1300/HCIRP/DIN01/0.4/0.42/0.42/0.4/0.41/0.42/0.41
.E1 /0.42/0.43/0.45/0.45/0.43/0.46/0.41
.E2 /0.4/0.39/0.37/0.38/0.36/0.36/0.39
.E3 /0.37/0.39/0.36/0.36/0.37/0.38/0.38
.E4 /0.36/0.37 : John's Pass


